mode: atomic
github.com/alchemmist/lazy-tmux/cmd/lazy-tmux/main.go:21.13,23.2 1 0
github.com/alchemmist/lazy-tmux/cmd/lazy-tmux/main.go:25.58,26.20 1 16
github.com/alchemmist/lazy-tmux/cmd/lazy-tmux/main.go:26.20,29.3 2 1
github.com/alchemmist/lazy-tmux/cmd/lazy-tmux/main.go:31.2,32.17 2 15
github.com/alchemmist/lazy-tmux/cmd/lazy-tmux/main.go:33.14,34.48 1 4
github.com/alchemmist/lazy-tmux/cmd/lazy-tmux/main.go:34.48,36.4 1 1
github.com/alchemmist/lazy-tmux/cmd/lazy-tmux/main.go:37.3,37.11 1 3
github.com/alchemmist/lazy-tmux/cmd/lazy-tmux/main.go:38.17,39.51 1 2
github.com/alchemmist/lazy-tmux/cmd/lazy-tmux/main.go:39.51,41.4 1 1
github.com/alchemmist/lazy-tmux/cmd/lazy-tmux/main.go:42.3,42.11 1 1
github.com/alchemmist/lazy-tmux/cmd/lazy-tmux/main.go:43.16,44.50 1 2
github.com/alchemmist/lazy-tmux/cmd/lazy-tmux/main.go:44.50,46.4 1 1
github.com/alchemmist/lazy-tmux/cmd/lazy-tmux/main.go:47.3,47.11 1 1
github.com/alchemmist/lazy-tmux/cmd/lazy-tmux/main.go:48.19,49.53 1 2
github.com/alchemmist/lazy-tmux/cmd/lazy-tmux/main.go:49.53,51.4 1 0
github.com/alchemmist/lazy-tmux/cmd/lazy-tmux/main.go:52.3,52.11 1 2
github.com/alchemmist/lazy-tmux/cmd/lazy-tmux/main.go:53.16,54.50 1 1
github.com/alchemmist/lazy-tmux/cmd/lazy-tmux/main.go:54.50,56.4 1 1
github.com/alchemmist/lazy-tmux/cmd/lazy-tmux/main.go:57.3,57.11 1 0
github.com/alchemmist/lazy-tmux/cmd/lazy-tmux/main.go:58.14,59.56 1 1
github.com/alchemmist/lazy-tmux/cmd/lazy-tmux/main.go:59.56,61.4 1 0
github.com/alchemmist/lazy-tmux/cmd/lazy-tmux/main.go:62.3,62.11 1 1
github.com/alchemmist/lazy-tmux/cmd/lazy-tmux/main.go:63.15,65.11 2 1
github.com/alchemmist/lazy-tmux/cmd/lazy-tmux/main.go:66.30,68.11 2 1
github.com/alchemmist/lazy-tmux/cmd/lazy-tmux/main.go:69.10,70.75 1 1
github.com/alchemmist/lazy-tmux/cmd/lazy-tmux/main.go:74.55,82.39 8 4
github.com/alchemmist/lazy-tmux/cmd/lazy-tmux/main.go:82.39,84.3 1 0
github.com/alchemmist/lazy-tmux/cmd/lazy-tmux/main.go:85.2,85.42 1 4
github.com/alchemmist/lazy-tmux/cmd/lazy-tmux/main.go:85.42,87.3 1 1
github.com/alchemmist/lazy-tmux/cmd/lazy-tmux/main.go:89.2,95.9 6 3
github.com/alchemmist/lazy-tmux/cmd/lazy-tmux/main.go:96.12,97.20 1 1
github.com/alchemmist/lazy-tmux/cmd/lazy-tmux/main.go:98.41,99.51 1 1
github.com/alchemmist/lazy-tmux/cmd/lazy-tmux/main.go:100.10,101.24 1 1
github.com/alchemmist/lazy-tmux/cmd/lazy-tmux/main.go:103.2,103.12 1 3
github.com/alchemmist/lazy-tmux/cmd/lazy-tmux/main.go:106.58,112.39 6 2
github.com/alchemmist/lazy-tmux/cmd/lazy-tmux/main.go:112.39,114.3 1 0
github.com/alchemmist/lazy-tmux/cmd/lazy-tmux/main.go:115.2,115.39 1 2
github.com/alchemmist/lazy-tmux/cmd/lazy-tmux/main.go:115.39,117.3 1 1
github.com/alchemmist/lazy-tmux/cmd/lazy-tmux/main.go:119.2,120.62 2 1
github.com/alchemmist/lazy-tmux/cmd/lazy-tmux/main.go:123.57,130.39 7 2
github.com/alchemmist/lazy-tmux/cmd/lazy-tmux/main.go:130.39,132.3 1 0
github.com/alchemmist/lazy-tmux/cmd/lazy-tmux/main.go:134.2,136.16 3 2
github.com/alchemmist/lazy-tmux/cmd/lazy-tmux/main.go:136.16,138.3 1 1
github.com/alchemmist/lazy-tmux/cmd/lazy-tmux/main.go:140.2,144.16 2 1
github.com/alchemmist/lazy-tmux/cmd/lazy-tmux/main.go:144.16,148.3 3 1
github.com/alchemmist/lazy-tmux/cmd/lazy-tmux/main.go:148.8,150.3 1 0
github.com/alchemmist/lazy-tmux/cmd/lazy-tmux/main.go:151.2,151.19 1 1
github.com/alchemmist/lazy-tmux/cmd/lazy-tmux/main.go:151.19,153.3 1 0
github.com/alchemmist/lazy-tmux/cmd/lazy-tmux/main.go:154.2,154.38 1 1
github.com/alchemmist/lazy-tmux/cmd/lazy-tmux/main.go:157.60,162.39 5 2
github.com/alchemmist/lazy-tmux/cmd/lazy-tmux/main.go:162.39,164.3 1 0
github.com/alchemmist/lazy-tmux/cmd/lazy-tmux/main.go:166.2,167.30 2 2
github.com/alchemmist/lazy-tmux/cmd/lazy-tmux/main.go:170.57,177.39 7 1
github.com/alchemmist/lazy-tmux/cmd/lazy-tmux/main.go:177.39,179.3 1 0
github.com/alchemmist/lazy-tmux/cmd/lazy-tmux/main.go:180.2,180.42 1 1
github.com/alchemmist/lazy-tmux/cmd/lazy-tmux/main.go:180.42,182.3 1 1
github.com/alchemmist/lazy-tmux/cmd/lazy-tmux/main.go:184.2,189.31 6 0
github.com/alchemmist/lazy-tmux/cmd/lazy-tmux/main.go:192.73,196.39 4 1
github.com/alchemmist/lazy-tmux/cmd/lazy-tmux/main.go:196.39,198.3 1 0
github.com/alchemmist/lazy-tmux/cmd/lazy-tmux/main.go:200.2,202.16 3 1
github.com/alchemmist/lazy-tmux/cmd/lazy-tmux/main.go:202.16,204.3 1 0
github.com/alchemmist/lazy-tmux/cmd/lazy-tmux/main.go:205.2,205.25 1 1
github.com/alchemmist/lazy-tmux/cmd/lazy-tmux/main.go:205.25,207.3 1 2
github.com/alchemmist/lazy-tmux/cmd/lazy-tmux/main.go:208.2,208.12 1 1
github.com/alchemmist/lazy-tmux/cmd/lazy-tmux/main.go:211.14,213.2 1 0
github.com/alchemmist/lazy-tmux/cmd/lazy-tmux/main.go:215.27,239.2 1 2
github.com/alchemmist/lazy-tmux/cmd/lazy-tmux/main.go:241.20,243.2 1 0
github.com/alchemmist/lazy-tmux/cmd/lazy-tmux/main.go:245.33,250.2 1 1
github.com/alchemmist/lazy-tmux/cmd/lazy-tmux/main.go:252.26,253.36 1 0
github.com/alchemmist/lazy-tmux/cmd/lazy-tmux/main.go:253.36,255.3 1 0
github.com/alchemmist/lazy-tmux/cmd/lazy-tmux/main.go:256.2,256.19 1 0
github.com/alchemmist/lazy-tmux/cmd/lazy-tmux/main.go:259.41,262.2 2 0
github.com/alchemmist/lazy-tmux/cmd/lazy-tmux/main.go:264.48,265.36 1 5
github.com/alchemmist/lazy-tmux/cmd/lazy-tmux/main.go:265.36,268.3 2 0
github.com/alchemmist/lazy-tmux/cmd/lazy-tmux/main.go:269.2,270.10 2 5
github.com/alchemmist/lazy-tmux/cmd/lazy-tmux/main.go:273.86,277.14 2 12
github.com/alchemmist/lazy-tmux/cmd/lazy-tmux/main.go:277.14,279.3 1 11
github.com/alchemmist/lazy-tmux/cmd/lazy-tmux/main.go:280.2,280.14 1 12
github.com/alchemmist/lazy-tmux/cmd/lazy-tmux/main.go:283.62,285.22 2 9
github.com/alchemmist/lazy-tmux/cmd/lazy-tmux/main.go:285.22,287.3 1 9
github.com/alchemmist/lazy-tmux/cmd/lazy-tmux/main.go:288.2,288.22 1 9
github.com/alchemmist/lazy-tmux/cmd/lazy-tmux/main.go:288.22,290.3 1 8
github.com/alchemmist/lazy-tmux/cmd/lazy-tmux/main.go:291.2,291.12 1 9
github.com/alchemmist/lazy-tmux/internal/app/app.go:23.34,29.2 1 9
github.com/alchemmist/lazy-tmux/internal/app/app.go:31.31,33.16 2 1
github.com/alchemmist/lazy-tmux/internal/app/app.go:33.16,35.3 1 0
github.com/alchemmist/lazy-tmux/internal/app/app.go:36.2,36.32 1 1
github.com/alchemmist/lazy-tmux/internal/app/app.go:36.32,37.45 1 2
github.com/alchemmist/lazy-tmux/internal/app/app.go:37.45,39.4 1 0
github.com/alchemmist/lazy-tmux/internal/app/app.go:41.2,41.12 1 1
github.com/alchemmist/lazy-tmux/internal/app/app.go:44.49,46.16 2 4
github.com/alchemmist/lazy-tmux/internal/app/app.go:46.16,48.3 1 0
github.com/alchemmist/lazy-tmux/internal/app/app.go:49.2,49.30 1 4
github.com/alchemmist/lazy-tmux/internal/app/app.go:49.30,51.3 1 0
github.com/alchemmist/lazy-tmux/internal/app/app.go:52.2,52.34 1 4
github.com/alchemmist/lazy-tmux/internal/app/app.go:55.35,57.16 2 1
github.com/alchemmist/lazy-tmux/internal/app/app.go:57.16,59.3 1 0
github.com/alchemmist/lazy-tmux/internal/app/app.go:60.2,60.28 1 1
github.com/alchemmist/lazy-tmux/internal/app/app.go:63.64,65.2 1 2
github.com/alchemmist/lazy-tmux/internal/app/app.go:67.75,69.19 2 3
github.com/alchemmist/lazy-tmux/internal/app/app.go:69.19,71.3 1 0
github.com/alchemmist/lazy-tmux/internal/app/app.go:73.2,74.16 2 3
github.com/alchemmist/lazy-tmux/internal/app/app.go:74.16,76.3 1 0
github.com/alchemmist/lazy-tmux/internal/app/app.go:77.2,78.48 2 3
github.com/alchemmist/lazy-tmux/internal/app/app.go:78.48,80.3 1 0
github.com/alchemmist/lazy-tmux/internal/app/app.go:81.2,81.18 1 3
github.com/alchemmist/lazy-tmux/internal/app/app.go:81.18,83.32 2 2
github.com/alchemmist/lazy-tmux/internal/app/app.go:83.32,85.4 1 0
github.com/alchemmist/lazy-tmux/internal/app/app.go:86.3,86.59 1 2
github.com/alchemmist/lazy-tmux/internal/app/app.go:86.59,88.4 1 0
github.com/alchemmist/lazy-tmux/internal/app/app.go:90.2,90.114 1 3
github.com/alchemmist/lazy-tmux/internal/app/app.go:90.114,92.3 1 0
github.com/alchemmist/lazy-tmux/internal/app/app.go:93.2,93.12 1 3
github.com/alchemmist/lazy-tmux/internal/app/app.go:96.47,98.38 2 2
github.com/alchemmist/lazy-tmux/internal/app/app.go:98.38,100.17 2 2
github.com/alchemmist/lazy-tmux/internal/app/app.go:100.17,101.26 1 1
github.com/alchemmist/lazy-tmux/internal/app/app.go:101.26,103.5 1 1
github.com/alchemmist/lazy-tmux/internal/app/app.go:104.4,104.14 1 0
github.com/alchemmist/lazy-tmux/internal/app/app.go:106.3,106.27 1 1
github.com/alchemmist/lazy-tmux/internal/app/app.go:108.2,108.32 1 1
github.com/alchemmist/lazy-tmux/internal/app/app.go:111.56,113.2 1 1
github.com/alchemmist/lazy-tmux/internal/app/app.go:115.70,117.16 2 0
github.com/alchemmist/lazy-tmux/internal/app/app.go:117.16,119.3 1 0
github.com/alchemmist/lazy-tmux/internal/app/app.go:121.2,121.31 1 0
github.com/alchemmist/lazy-tmux/internal/app/app.go:121.31,122.42 1 0
github.com/alchemmist/lazy-tmux/internal/app/app.go:122.42,124.88 2 0
github.com/alchemmist/lazy-tmux/internal/app/app.go:124.88,125.13 1 0
github.com/alchemmist/lazy-tmux/internal/app/app.go:127.4,129.18 3 0
github.com/alchemmist/lazy-tmux/internal/app/app.go:129.18,130.13 1 0
github.com/alchemmist/lazy-tmux/internal/app/app.go:132.4,133.36 2 0
github.com/alchemmist/lazy-tmux/internal/app/app.go:133.36,134.13 1 0
github.com/alchemmist/lazy-tmux/internal/app/app.go:136.4,138.5 1 0
github.com/alchemmist/lazy-tmux/internal/app/app.go:143.42,145.22 2 0
github.com/alchemmist/lazy-tmux/internal/app/app.go:145.22,147.3 1 0
github.com/alchemmist/lazy-tmux/internal/app/app.go:148.2,149.14 2 0
github.com/alchemmist/lazy-tmux/internal/app/app.go:150.42,151.14 1 0
github.com/alchemmist/lazy-tmux/internal/app/app.go:152.10,153.15 1 0
github.com/alchemmist/lazy-tmux/internal/app/app_crud.go:13.67,14.35 1 0
github.com/alchemmist/lazy-tmux/internal/app/app_crud.go:14.35,15.65 1 0
github.com/alchemmist/lazy-tmux/internal/app/app_crud.go:15.65,17.33 2 0
github.com/alchemmist/lazy-tmux/internal/app/app_crud.go:17.33,19.5 1 0
github.com/alchemmist/lazy-tmux/internal/app/app_crud.go:20.9,21.38 1 0
github.com/alchemmist/lazy-tmux/internal/app/app_crud.go:21.38,23.5 1 0
github.com/alchemmist/lazy-tmux/internal/app/app_crud.go:24.4,24.33 1 0
github.com/alchemmist/lazy-tmux/internal/app/app_crud.go:28.2,29.16 2 0
github.com/alchemmist/lazy-tmux/internal/app/app_crud.go:29.16,30.37 1 0
github.com/alchemmist/lazy-tmux/internal/app/app_crud.go:30.37,32.4 1 0
github.com/alchemmist/lazy-tmux/internal/app/app_crud.go:33.3,33.13 1 0
github.com/alchemmist/lazy-tmux/internal/app/app_crud.go:35.2,37.33 3 0
github.com/alchemmist/lazy-tmux/internal/app/app_crud.go:37.33,38.29 1 0
github.com/alchemmist/lazy-tmux/internal/app/app_crud.go:38.29,40.12 2 0
github.com/alchemmist/lazy-tmux/internal/app/app_crud.go:42.3,42.31 1 0
github.com/alchemmist/lazy-tmux/internal/app/app_crud.go:44.2,44.14 1 0
github.com/alchemmist/lazy-tmux/internal/app/app_crud.go:44.14,46.3 1 0
github.com/alchemmist/lazy-tmux/internal/app/app_crud.go:47.2,47.23 1 0
github.com/alchemmist/lazy-tmux/internal/app/app_crud.go:47.23,49.3 1 0
github.com/alchemmist/lazy-tmux/internal/app/app_crud.go:50.2,51.34 2 0
github.com/alchemmist/lazy-tmux/internal/app/app_crud.go:54.51,55.35 1 0
github.com/alchemmist/lazy-tmux/internal/app/app_crud.go:55.35,56.53 1 0
github.com/alchemmist/lazy-tmux/internal/app/app_crud.go:56.53,58.4 1 0
github.com/alchemmist/lazy-tmux/internal/app/app_crud.go:60.2,60.39 1 0
github.com/alchemmist/lazy-tmux/internal/app/app_crud.go:63.80,64.35 1 0
github.com/alchemmist/lazy-tmux/internal/app/app_crud.go:64.35,66.3 1 0
github.com/alchemmist/lazy-tmux/internal/app/app_crud.go:67.2,67.35 1 0
github.com/alchemmist/lazy-tmux/internal/app/app_crud.go:67.35,68.73 1 0
github.com/alchemmist/lazy-tmux/internal/app/app_crud.go:68.73,70.4 1 0
github.com/alchemmist/lazy-tmux/internal/app/app_crud.go:72.2,73.16 2 0
github.com/alchemmist/lazy-tmux/internal/app/app_crud.go:73.16,75.3 1 0
github.com/alchemmist/lazy-tmux/internal/app/app_crud.go:76.2,77.30 2 0
github.com/alchemmist/lazy-tmux/internal/app/app_crud.go:77.30,78.43 1 0
github.com/alchemmist/lazy-tmux/internal/app/app_crud.go:78.43,81.9 3 0
github.com/alchemmist/lazy-tmux/internal/app/app_crud.go:84.2,84.14 1 0
github.com/alchemmist/lazy-tmux/internal/app/app_crud.go:84.14,86.3 1 0
github.com/alchemmist/lazy-tmux/internal/app/app_crud.go:87.2,87.34 1 0
github.com/alchemmist/lazy-tmux/internal/app/app_crud.go:90.64,91.35 1 0
github.com/alchemmist/lazy-tmux/internal/app/app_crud.go:91.35,93.3 1 0
github.com/alchemmist/lazy-tmux/internal/app/app_crud.go:94.2,94.38 1 0
github.com/alchemmist/lazy-tmux/internal/app/app_crud.go:94.38,96.3 1 0
github.com/alchemmist/lazy-tmux/internal/app/app_crud.go:97.2,97.21 1 0
github.com/alchemmist/lazy-tmux/internal/app/app_crud.go:97.21,99.3 1 0
github.com/alchemmist/lazy-tmux/internal/app/app_crud.go:100.2,101.16 2 0
github.com/alchemmist/lazy-tmux/internal/app/app_crud.go:101.16,103.3 1 0
github.com/alchemmist/lazy-tmux/internal/app/app_crud.go:104.2,105.16 2 0
github.com/alchemmist/lazy-tmux/internal/app/app_crud.go:105.16,107.3 1 0
github.com/alchemmist/lazy-tmux/internal/app/app_crud.go:108.2,108.24 1 0
github.com/alchemmist/lazy-tmux/internal/app/app_crud.go:108.24,110.3 1 0
github.com/alchemmist/lazy-tmux/internal/app/app_crud.go:111.2,112.16 2 0
github.com/alchemmist/lazy-tmux/internal/app/app_crud.go:112.16,114.3 1 0
github.com/alchemmist/lazy-tmux/internal/app/app_crud.go:115.2,115.12 1 0
github.com/alchemmist/lazy-tmux/internal/app/app_crud.go:115.12,117.3 1 0
github.com/alchemmist/lazy-tmux/internal/app/app_crud.go:118.2,119.16 2 0
github.com/alchemmist/lazy-tmux/internal/app/app_crud.go:119.16,121.3 1 0
github.com/alchemmist/lazy-tmux/internal/app/app_crud.go:122.2,123.35 2 0
github.com/alchemmist/lazy-tmux/internal/app/app_crud.go:123.35,124.61 1 0
github.com/alchemmist/lazy-tmux/internal/app/app_crud.go:124.61,126.4 1 0
github.com/alchemmist/lazy-tmux/internal/app/app_crud.go:128.2,128.50 1 0
github.com/alchemmist/lazy-tmux/internal/app/app_crud.go:128.50,130.3 1 0
github.com/alchemmist/lazy-tmux/internal/app/app_crud.go:131.2,131.39 1 0
github.com/alchemmist/lazy-tmux/internal/app/app_crud.go:134.45,135.35 1 0
github.com/alchemmist/lazy-tmux/internal/app/app_crud.go:135.35,137.3 1 0
github.com/alchemmist/lazy-tmux/internal/app/app_crud.go:138.2,138.60 1 0
github.com/alchemmist/lazy-tmux/internal/app/app_crud.go:138.60,140.3 1 0
github.com/alchemmist/lazy-tmux/internal/app/app_crud.go:140.8,140.19 1 0
github.com/alchemmist/lazy-tmux/internal/app/app_crud.go:140.19,142.3 1 0
github.com/alchemmist/lazy-tmux/internal/app/app_crud.go:143.2,143.48 1 0
github.com/alchemmist/lazy-tmux/internal/app/app_crud.go:143.48,145.3 1 0
github.com/alchemmist/lazy-tmux/internal/app/app_crud.go:146.2,147.16 2 0
github.com/alchemmist/lazy-tmux/internal/app/app_crud.go:147.16,150.3 2 0
github.com/alchemmist/lazy-tmux/internal/app/app_crud.go:151.2,151.50 1 0
github.com/alchemmist/lazy-tmux/internal/app/app_crud.go:151.50,154.3 2 0
github.com/alchemmist/lazy-tmux/internal/app/app_crud.go:155.2,155.12 1 0
github.com/alchemmist/lazy-tmux/internal/app/app_crud.go:158.60,159.38 1 0
github.com/alchemmist/lazy-tmux/internal/app/app_crud.go:159.38,161.3 1 0
github.com/alchemmist/lazy-tmux/internal/app/app_crud.go:162.2,162.35 1 0
github.com/alchemmist/lazy-tmux/internal/app/app_crud.go:162.35,163.57 1 0
github.com/alchemmist/lazy-tmux/internal/app/app_crud.go:163.57,165.4 1 0
github.com/alchemmist/lazy-tmux/internal/app/app_crud.go:166.3,167.17 2 0
github.com/alchemmist/lazy-tmux/internal/app/app_crud.go:167.17,169.4 1 0
github.com/alchemmist/lazy-tmux/internal/app/app_crud.go:170.3,170.35 1 0
github.com/alchemmist/lazy-tmux/internal/app/app_crud.go:173.2,174.16 2 0
github.com/alchemmist/lazy-tmux/internal/app/app_crud.go:174.16,176.3 1 0
github.com/alchemmist/lazy-tmux/internal/app/app_crud.go:177.2,178.35 2 0
github.com/alchemmist/lazy-tmux/internal/app/app_crud.go:178.35,180.3 1 0
github.com/alchemmist/lazy-tmux/internal/app/app_crud.go:181.2,189.34 2 0
github.com/alchemmist/lazy-tmux/internal/app/app_crud.go:192.53,194.28 2 0
github.com/alchemmist/lazy-tmux/internal/app/app_crud.go:194.28,195.23 1 0
github.com/alchemmist/lazy-tmux/internal/app/app_crud.go:195.23,197.4 1 0
github.com/alchemmist/lazy-tmux/internal/app/app_crud.go:199.2,199.19 1 0
github.com/alchemmist/lazy-tmux/internal/app/app_picker.go:13.80,15.16 2 1
github.com/alchemmist/lazy-tmux/internal/app/app_picker.go:15.16,17.3 1 0
github.com/alchemmist/lazy-tmux/internal/app/app_picker.go:18.2,18.23 1 1
github.com/alchemmist/lazy-tmux/internal/app/app_picker.go:18.23,20.3 1 0
github.com/alchemmist/lazy-tmux/internal/app/app_picker.go:21.2,22.21 2 1
github.com/alchemmist/lazy-tmux/internal/app/app_picker.go:25.80,27.16 2 0
github.com/alchemmist/lazy-tmux/internal/app/app_picker.go:27.16,29.3 1 0
github.com/alchemmist/lazy-tmux/internal/app/app_picker.go:30.2,31.16 2 0
github.com/alchemmist/lazy-tmux/internal/app/app_picker.go:31.16,33.3 1 0
github.com/alchemmist/lazy-tmux/internal/app/app_picker.go:34.2,35.36 2 0
github.com/alchemmist/lazy-tmux/internal/app/app_picker.go:35.36,37.3 1 0
github.com/alchemmist/lazy-tmux/internal/app/app_picker.go:39.2,40.30 2 0
github.com/alchemmist/lazy-tmux/internal/app/app_picker.go:40.30,42.17 2 0
github.com/alchemmist/lazy-tmux/internal/app/app_picker.go:42.17,44.12 2 0
github.com/alchemmist/lazy-tmux/internal/app/app_picker.go:46.3,51.5 2 0
github.com/alchemmist/lazy-tmux/internal/app/app_picker.go:53.2,53.22 1 0
github.com/alchemmist/lazy-tmux/internal/app/app_picker.go:56.59,58.2 1 0
github.com/alchemmist/lazy-tmux/internal/app/app_picker.go:60.87,62.16 2 0
github.com/alchemmist/lazy-tmux/internal/app/app_picker.go:62.16,63.41 1 0
github.com/alchemmist/lazy-tmux/internal/app/app_picker.go:63.41,65.4 1 0
github.com/alchemmist/lazy-tmux/internal/app/app_picker.go:65.9,67.4 1 0
github.com/alchemmist/lazy-tmux/internal/app/app_picker.go:69.2,76.44 1 0
github.com/alchemmist/lazy-tmux/internal/app/app_picker.go:76.44,78.18 2 0
github.com/alchemmist/lazy-tmux/internal/app/app_picker.go:78.18,79.43 1 0
github.com/alchemmist/lazy-tmux/internal/app/app_picker.go:79.43,81.6 1 0
github.com/alchemmist/lazy-tmux/internal/app/app_picker.go:82.5,82.20 1 0
github.com/alchemmist/lazy-tmux/internal/app/app_picker.go:84.4,84.24 1 0
github.com/alchemmist/lazy-tmux/internal/app/app_picker.go:87.2,87.60 1 0
github.com/alchemmist/lazy-tmux/internal/app/app_picker.go:90.47,92.16 2 0
github.com/alchemmist/lazy-tmux/internal/app/app_picker.go:92.16,94.3 1 0
github.com/alchemmist/lazy-tmux/internal/app/app_picker.go:95.2,95.32 1 0
github.com/alchemmist/lazy-tmux/internal/app/app_picker.go:98.47,100.2 1 0
github.com/alchemmist/lazy-tmux/internal/app/app_picker.go:102.75,104.16 2 1
github.com/alchemmist/lazy-tmux/internal/app/app_picker.go:104.16,106.3 1 0
github.com/alchemmist/lazy-tmux/internal/app/app_picker.go:107.2,107.41 1 1
github.com/alchemmist/lazy-tmux/internal/app/daemon.go:12.55,13.19 1 0
github.com/alchemmist/lazy-tmux/internal/app/daemon.go:13.19,15.3 1 0
github.com/alchemmist/lazy-tmux/internal/app/daemon.go:16.2,17.16 2 0
github.com/alchemmist/lazy-tmux/internal/app/daemon.go:17.16,19.3 1 0
github.com/alchemmist/lazy-tmux/internal/app/daemon.go:20.2,26.21 5 0
github.com/alchemmist/lazy-tmux/internal/app/daemon.go:26.21,27.37 1 0
github.com/alchemmist/lazy-tmux/internal/app/daemon.go:27.37,29.4 1 0
github.com/alchemmist/lazy-tmux/internal/app/daemon.go:31.2,31.12 1 0
github.com/alchemmist/lazy-tmux/internal/app/daemon.go:34.53,36.22 2 0
github.com/alchemmist/lazy-tmux/internal/app/daemon.go:36.22,38.3 1 0
github.com/alchemmist/lazy-tmux/internal/app/daemon.go:39.2,39.55 1 0
github.com/alchemmist/lazy-tmux/internal/app/daemon.go:39.55,41.3 1 0
github.com/alchemmist/lazy-tmux/internal/app/daemon.go:42.2,46.16 5 0
github.com/alchemmist/lazy-tmux/internal/app/daemon.go:46.16,48.3 1 0
github.com/alchemmist/lazy-tmux/internal/app/daemon.go:49.2,49.84 1 0
github.com/alchemmist/lazy-tmux/internal/app/daemon.go:49.84,52.3 2 0
github.com/alchemmist/lazy-tmux/internal/app/daemon.go:53.2,53.16 1 0
github.com/alchemmist/lazy-tmux/internal/app/daemon.go:53.16,56.3 2 0
github.com/alchemmist/lazy-tmux/internal/app/picker_sort_alias.go:30.51,32.2 1 0
github.com/alchemmist/lazy-tmux/internal/app/picker_sort_alias.go:34.88,36.2 1 2
github.com/alchemmist/lazy-tmux/internal/config/config.go:21.23,31.2 1 15
github.com/alchemmist/lazy-tmux/internal/picker/actions.go:13.51,15.42 2 0
github.com/alchemmist/lazy-tmux/internal/picker/actions.go:15.42,17.3 1 0
github.com/alchemmist/lazy-tmux/internal/picker/actions.go:18.2,18.35 1 0
github.com/alchemmist/lazy-tmux/internal/picker/actions.go:18.35,20.3 1 0
github.com/alchemmist/lazy-tmux/internal/picker/actions.go:21.2,21.80 1 0
github.com/alchemmist/lazy-tmux/internal/picker/actions.go:24.46,26.9 2 0
github.com/alchemmist/lazy-tmux/internal/picker/actions.go:26.9,29.3 2 0
github.com/alchemmist/lazy-tmux/internal/picker/actions.go:30.2,35.12 6 0
github.com/alchemmist/lazy-tmux/internal/picker/actions.go:38.45,40.42 2 0
github.com/alchemmist/lazy-tmux/internal/picker/actions.go:40.42,43.3 2 0
github.com/alchemmist/lazy-tmux/internal/picker/actions.go:44.2,51.12 8 0
github.com/alchemmist/lazy-tmux/internal/picker/actions.go:54.46,56.9 2 0
github.com/alchemmist/lazy-tmux/internal/picker/actions.go:56.9,59.3 2 0
github.com/alchemmist/lazy-tmux/internal/picker/actions.go:60.2,67.12 8 0
github.com/alchemmist/lazy-tmux/internal/picker/actions.go:70.36,77.2 6 0
github.com/alchemmist/lazy-tmux/internal/picker/actions.go:79.35,81.60 2 0
github.com/alchemmist/lazy-tmux/internal/picker/actions.go:81.60,84.3 2 0
github.com/alchemmist/lazy-tmux/internal/picker/actions.go:85.2,90.12 6 0
github.com/alchemmist/lazy-tmux/internal/picker/actions.go:93.80,94.22 1 0
github.com/alchemmist/lazy-tmux/internal/picker/actions.go:95.23,99.16 4 0
github.com/alchemmist/lazy-tmux/internal/picker/actions.go:100.15,101.17 1 0
github.com/alchemmist/lazy-tmux/internal/picker/actions.go:102.33,104.35 2 0
github.com/alchemmist/lazy-tmux/internal/picker/actions.go:104.35,105.66 1 0
github.com/alchemmist/lazy-tmux/internal/picker/actions.go:105.66,107.6 1 0
github.com/alchemmist/lazy-tmux/internal/picker/actions.go:107.11,109.6 1 0
github.com/alchemmist/lazy-tmux/internal/picker/actions.go:110.5,111.23 2 0
github.com/alchemmist/lazy-tmux/internal/picker/actions.go:113.25,115.50 2 0
github.com/alchemmist/lazy-tmux/internal/picker/actions.go:115.50,116.95 1 0
github.com/alchemmist/lazy-tmux/internal/picker/actions.go:116.95,118.6 1 0
github.com/alchemmist/lazy-tmux/internal/picker/actions.go:118.11,120.6 1 0
github.com/alchemmist/lazy-tmux/internal/picker/actions.go:121.5,122.23 2 0
github.com/alchemmist/lazy-tmux/internal/picker/actions.go:124.26,126.18 2 0
github.com/alchemmist/lazy-tmux/internal/picker/actions.go:126.18,127.72 1 0
github.com/alchemmist/lazy-tmux/internal/picker/actions.go:127.72,129.6 1 0
github.com/alchemmist/lazy-tmux/internal/picker/actions.go:129.11,131.6 1 0
github.com/alchemmist/lazy-tmux/internal/picker/actions.go:132.5,133.23 2 0
github.com/alchemmist/lazy-tmux/internal/picker/actions.go:135.23,137.18 2 0
github.com/alchemmist/lazy-tmux/internal/picker/actions.go:137.18,138.49 1 0
github.com/alchemmist/lazy-tmux/internal/picker/actions.go:138.49,140.6 1 0
github.com/alchemmist/lazy-tmux/internal/picker/actions.go:140.11,142.6 1 0
github.com/alchemmist/lazy-tmux/internal/picker/actions.go:143.5,144.23 2 0
github.com/alchemmist/lazy-tmux/internal/picker/actions.go:146.22,148.70 2 0
github.com/alchemmist/lazy-tmux/internal/picker/actions.go:148.70,150.5 1 0
github.com/alchemmist/lazy-tmux/internal/picker/actions.go:150.10,152.5 1 0
github.com/alchemmist/lazy-tmux/internal/picker/actions.go:153.4,154.22 2 0
github.com/alchemmist/lazy-tmux/internal/picker/actions.go:156.3,159.16 4 0
github.com/alchemmist/lazy-tmux/internal/picker/actions.go:161.2,163.15 3 0
github.com/alchemmist/lazy-tmux/internal/picker/actions.go:166.59,167.36 1 0
github.com/alchemmist/lazy-tmux/internal/picker/actions.go:167.36,169.3 1 0
github.com/alchemmist/lazy-tmux/internal/picker/actions.go:170.2,170.38 1 0
github.com/alchemmist/lazy-tmux/internal/picker/actions.go:170.38,172.3 1 0
github.com/alchemmist/lazy-tmux/internal/picker/actions.go:173.2,173.41 1 0
github.com/alchemmist/lazy-tmux/internal/picker/actions.go:176.88,177.35 1 0
github.com/alchemmist/lazy-tmux/internal/picker/actions.go:177.35,179.3 1 0
github.com/alchemmist/lazy-tmux/internal/picker/actions.go:180.2,180.59 1 0
github.com/alchemmist/lazy-tmux/internal/picker/actions.go:183.72,184.36 1 0
github.com/alchemmist/lazy-tmux/internal/picker/actions.go:184.36,186.3 1 0
github.com/alchemmist/lazy-tmux/internal/picker/actions.go:187.2,187.47 1 0
github.com/alchemmist/lazy-tmux/internal/picker/actions.go:190.56,191.33 1 0
github.com/alchemmist/lazy-tmux/internal/picker/actions.go:191.33,193.3 1 0
github.com/alchemmist/lazy-tmux/internal/picker/actions.go:194.2,194.35 1 0
github.com/alchemmist/lazy-tmux/internal/picker/actions.go:197.71,198.32 1 0
github.com/alchemmist/lazy-tmux/internal/picker/actions.go:198.32,200.3 1 0
github.com/alchemmist/lazy-tmux/internal/picker/actions.go:201.2,201.38 1 0
github.com/alchemmist/lazy-tmux/internal/picker/actions.go:201.38,203.3 1 0
github.com/alchemmist/lazy-tmux/internal/picker/actions.go:204.2,204.43 1 0
github.com/alchemmist/lazy-tmux/internal/picker/actions.go:207.32,208.29 1 0
github.com/alchemmist/lazy-tmux/internal/picker/actions.go:208.29,210.3 1 0
github.com/alchemmist/lazy-tmux/internal/picker/actions.go:211.2,212.16 2 0
github.com/alchemmist/lazy-tmux/internal/picker/actions.go:212.16,215.3 2 0
github.com/alchemmist/lazy-tmux/internal/picker/actions.go:216.2,218.25 3 0
github.com/alchemmist/lazy-tmux/internal/picker/actions.go:221.54,222.71 1 0
github.com/alchemmist/lazy-tmux/internal/picker/actions.go:222.71,224.3 1 0
github.com/alchemmist/lazy-tmux/internal/picker/actions.go:225.2,225.34 1 0
github.com/alchemmist/lazy-tmux/internal/picker/actions.go:228.45,231.2 2 0
github.com/alchemmist/lazy-tmux/internal/picker/actions.go:233.37,236.2 2 0
github.com/alchemmist/lazy-tmux/internal/picker/actions.go:238.42,239.23 1 0
github.com/alchemmist/lazy-tmux/internal/picker/actions.go:239.23,241.3 1 0
github.com/alchemmist/lazy-tmux/internal/picker/actions.go:242.2,242.10 1 0
github.com/alchemmist/lazy-tmux/internal/picker/actions.go:245.59,246.20 1 0
github.com/alchemmist/lazy-tmux/internal/picker/actions.go:246.20,248.3 1 0
github.com/alchemmist/lazy-tmux/internal/picker/actions.go:249.2,249.14 1 0
github.com/alchemmist/lazy-tmux/internal/picker/actions.go:249.14,251.3 1 0
github.com/alchemmist/lazy-tmux/internal/picker/actions.go:252.2,252.23 1 0
github.com/alchemmist/lazy-tmux/internal/picker/actions.go:252.23,254.3 1 0
github.com/alchemmist/lazy-tmux/internal/picker/actions.go:255.2,255.29 1 0
github.com/alchemmist/lazy-tmux/internal/picker/actions.go:255.29,256.25 1 0
github.com/alchemmist/lazy-tmux/internal/picker/actions.go:256.25,258.4 1 0
github.com/alchemmist/lazy-tmux/internal/picker/actions.go:260.2,260.40 1 0
github.com/alchemmist/lazy-tmux/internal/picker/actions.go:260.40,261.25 1 0
github.com/alchemmist/lazy-tmux/internal/picker/actions.go:261.25,263.4 1 0
github.com/alchemmist/lazy-tmux/internal/picker/actions.go:265.2,265.10 1 0
github.com/alchemmist/lazy-tmux/internal/picker/actions.go:268.44,269.25 1 0
github.com/alchemmist/lazy-tmux/internal/picker/actions.go:269.25,271.3 1 0
github.com/alchemmist/lazy-tmux/internal/picker/actions.go:272.2,272.49 1 0
github.com/alchemmist/lazy-tmux/internal/picker/actions.go:272.49,273.30 1 0
github.com/alchemmist/lazy-tmux/internal/picker/actions.go:273.30,276.4 2 0
github.com/alchemmist/lazy-tmux/internal/picker/actions.go:280.44,281.25 1 0
github.com/alchemmist/lazy-tmux/internal/picker/actions.go:281.25,283.3 1 0
github.com/alchemmist/lazy-tmux/internal/picker/actions.go:284.2,284.37 1 0
github.com/alchemmist/lazy-tmux/internal/picker/actions.go:284.37,285.30 1 0
github.com/alchemmist/lazy-tmux/internal/picker/actions.go:285.30,288.4 2 0
github.com/alchemmist/lazy-tmux/internal/picker/fzf.go:15.66,16.23 1 1
github.com/alchemmist/lazy-tmux/internal/picker/fzf.go:16.23,18.3 1 0
github.com/alchemmist/lazy-tmux/internal/picker/fzf.go:19.2,20.28 2 1
github.com/alchemmist/lazy-tmux/internal/picker/fzf.go:20.28,23.3 2 1
github.com/alchemmist/lazy-tmux/internal/picker/fzf.go:25.2,28.16 4 1
github.com/alchemmist/lazy-tmux/internal/picker/fzf.go:28.16,30.3 1 0
github.com/alchemmist/lazy-tmux/internal/picker/fzf.go:32.2,33.20 2 1
github.com/alchemmist/lazy-tmux/internal/picker/fzf.go:33.20,35.3 1 0
github.com/alchemmist/lazy-tmux/internal/picker/fzf.go:36.2,37.39 2 1
github.com/alchemmist/lazy-tmux/internal/picker/fzf.go:37.39,39.3 1 0
github.com/alchemmist/lazy-tmux/internal/picker/fzf.go:40.2,40.22 1 1
github.com/alchemmist/lazy-tmux/internal/picker/model.go:58.98,78.2 8 0
github.com/alchemmist/lazy-tmux/internal/picker/model.go:80.37,82.2 1 0
github.com/alchemmist/lazy-tmux/internal/picker/model.go:84.63,85.27 1 0
github.com/alchemmist/lazy-tmux/internal/picker/model.go:86.25,91.16 5 0
github.com/alchemmist/lazy-tmux/internal/picker/model.go:92.23,93.27 1 0
github.com/alchemmist/lazy-tmux/internal/picker/model.go:93.27,95.4 1 0
github.com/alchemmist/lazy-tmux/internal/picker/model.go:96.3,96.23 1 0
github.com/alchemmist/lazy-tmux/internal/picker/model.go:97.34,99.22 2 0
github.com/alchemmist/lazy-tmux/internal/picker/model.go:100.17,101.50 1 0
github.com/alchemmist/lazy-tmux/internal/picker/model.go:101.50,103.5 1 0
github.com/alchemmist/lazy-tmux/internal/picker/model.go:103.10,105.5 1 0
github.com/alchemmist/lazy-tmux/internal/picker/model.go:106.4,108.17 3 0
github.com/alchemmist/lazy-tmux/internal/picker/model.go:109.16,111.17 2 0
github.com/alchemmist/lazy-tmux/internal/picker/model.go:112.17,114.17 2 0
github.com/alchemmist/lazy-tmux/internal/picker/model.go:115.16,117.17 2 0
github.com/alchemmist/lazy-tmux/internal/picker/model.go:118.16,120.17 2 0
github.com/alchemmist/lazy-tmux/internal/picker/model.go:121.17,123.17 2 0
github.com/alchemmist/lazy-tmux/internal/picker/model.go:124.17,128.17 4 0
github.com/alchemmist/lazy-tmux/internal/picker/model.go:129.17,133.17 4 0
github.com/alchemmist/lazy-tmux/internal/picker/model.go:134.16,135.27 1 0
github.com/alchemmist/lazy-tmux/internal/picker/model.go:135.27,137.5 1 0
github.com/alchemmist/lazy-tmux/internal/picker/model.go:138.4,138.84 1 0
github.com/alchemmist/lazy-tmux/internal/picker/model.go:138.84,141.5 2 0
github.com/alchemmist/lazy-tmux/internal/picker/model.go:145.2,148.39 4 0
github.com/alchemmist/lazy-tmux/internal/picker/model.go:148.39,152.3 3 0
github.com/alchemmist/lazy-tmux/internal/picker/model.go:153.2,153.15 1 0
github.com/alchemmist/lazy-tmux/internal/picker/model.go:156.38,158.26 2 0
github.com/alchemmist/lazy-tmux/internal/picker/model.go:158.26,160.3 1 0
github.com/alchemmist/lazy-tmux/internal/picker/model.go:160.8,162.3 1 0
github.com/alchemmist/lazy-tmux/internal/picker/model.go:163.2,168.23 6 0
github.com/alchemmist/lazy-tmux/internal/picker/model.go:168.23,171.3 2 0
github.com/alchemmist/lazy-tmux/internal/picker/model.go:172.2,172.25 1 0
github.com/alchemmist/lazy-tmux/internal/picker/model.go:172.25,177.3 4 0
github.com/alchemmist/lazy-tmux/internal/picker/model.go:178.2,181.13 4 0
github.com/alchemmist/lazy-tmux/internal/picker/model.go:184.32,185.35 1 0
github.com/alchemmist/lazy-tmux/internal/picker/model.go:185.35,187.3 1 0
github.com/alchemmist/lazy-tmux/internal/picker/model.go:188.2,190.26 3 0
github.com/alchemmist/lazy-tmux/internal/picker/model.go:190.26,192.3 1 0
github.com/alchemmist/lazy-tmux/internal/picker/model.go:193.2,194.49 2 0
github.com/alchemmist/lazy-tmux/internal/picker/model.go:197.37,200.25 3 0
github.com/alchemmist/lazy-tmux/internal/picker/model.go:200.25,204.3 3 0
github.com/alchemmist/lazy-tmux/internal/picker/model.go:205.2,205.83 1 0
github.com/alchemmist/lazy-tmux/internal/picker/model.go:205.83,207.3 1 0
github.com/alchemmist/lazy-tmux/internal/picker/model.go:210.40,211.25 1 0
github.com/alchemmist/lazy-tmux/internal/picker/model.go:211.25,214.3 2 0
github.com/alchemmist/lazy-tmux/internal/picker/model.go:215.2,217.32 3 0
github.com/alchemmist/lazy-tmux/internal/picker/model.go:217.32,219.38 2 0
github.com/alchemmist/lazy-tmux/internal/picker/model.go:219.38,221.4 1 0
github.com/alchemmist/lazy-tmux/internal/picker/model.go:222.3,223.38 2 0
github.com/alchemmist/lazy-tmux/internal/picker/model.go:223.38,225.4 1 0
github.com/alchemmist/lazy-tmux/internal/picker/model.go:226.3,226.30 1 0
github.com/alchemmist/lazy-tmux/internal/picker/model.go:228.2,228.50 1 0
github.com/alchemmist/lazy-tmux/internal/picker/model.go:231.47,233.16 2 0
github.com/alchemmist/lazy-tmux/internal/picker/model.go:233.16,235.3 1 0
github.com/alchemmist/lazy-tmux/internal/picker/model.go:236.2,236.16 1 0
github.com/alchemmist/lazy-tmux/internal/picker/model.go:236.16,238.3 1 0
github.com/alchemmist/lazy-tmux/internal/picker/model.go:239.2,239.24 1 0
github.com/alchemmist/lazy-tmux/internal/picker/model.go:242.45,243.53 1 0
github.com/alchemmist/lazy-tmux/internal/picker/model.go:243.53,245.3 1 0
github.com/alchemmist/lazy-tmux/internal/picker/model.go:246.2,250.33 4 0
github.com/alchemmist/lazy-tmux/internal/picker/model.go:250.33,252.17 2 0
github.com/alchemmist/lazy-tmux/internal/picker/model.go:252.17,254.4 1 0
github.com/alchemmist/lazy-tmux/internal/picker/model.go:255.3,256.9 2 0
github.com/alchemmist/lazy-tmux/internal/picker/model.go:258.2,258.36 1 0
github.com/alchemmist/lazy-tmux/internal/picker/model.go:258.36,260.17 2 0
github.com/alchemmist/lazy-tmux/internal/picker/model.go:260.17,262.4 1 0
github.com/alchemmist/lazy-tmux/internal/picker/model.go:263.3,263.25 1 0
github.com/alchemmist/lazy-tmux/internal/picker/model.go:263.25,265.4 1 0
github.com/alchemmist/lazy-tmux/internal/picker/model.go:266.3,266.32 1 0
github.com/alchemmist/lazy-tmux/internal/picker/model.go:270.100,271.19 1 0
github.com/alchemmist/lazy-tmux/internal/picker/model.go:271.19,273.3 1 0
github.com/alchemmist/lazy-tmux/internal/picker/model.go:274.2,277.16 4 0
github.com/alchemmist/lazy-tmux/internal/picker/model.go:277.16,279.3 1 0
github.com/alchemmist/lazy-tmux/internal/picker/model.go:281.2,282.9 2 0
github.com/alchemmist/lazy-tmux/internal/picker/model.go:282.9,284.3 1 0
github.com/alchemmist/lazy-tmux/internal/picker/model.go:285.2,285.22 1 0
github.com/alchemmist/lazy-tmux/internal/picker/model.go:285.22,287.3 1 0
github.com/alchemmist/lazy-tmux/internal/picker/model.go:288.2,288.58 1 0
github.com/alchemmist/lazy-tmux/internal/picker/model.go:288.58,290.3 1 0
github.com/alchemmist/lazy-tmux/internal/picker/model.go:291.2,291.29 1 0
github.com/alchemmist/lazy-tmux/internal/picker/picker_enabled_tui.go:5.25,7.2 1 0
github.com/alchemmist/lazy-tmux/internal/picker/rows.go:12.97,14.29 2 0
github.com/alchemmist/lazy-tmux/internal/picker/rows.go:14.29,21.29 6 0
github.com/alchemmist/lazy-tmux/internal/picker/rows.go:21.29,23.64 2 0
github.com/alchemmist/lazy-tmux/internal/picker/rows.go:23.64,25.5 1 0
github.com/alchemmist/lazy-tmux/internal/picker/rows.go:28.3,28.48 1 0
github.com/alchemmist/lazy-tmux/internal/picker/rows.go:28.48,29.12 1 0
github.com/alchemmist/lazy-tmux/internal/picker/rows.go:32.3,41.36 2 0
github.com/alchemmist/lazy-tmux/internal/picker/rows.go:41.36,43.34 2 0
github.com/alchemmist/lazy-tmux/internal/picker/rows.go:43.34,45.5 1 0
github.com/alchemmist/lazy-tmux/internal/picker/rows.go:46.4,56.6 2 0
github.com/alchemmist/lazy-tmux/internal/picker/rows.go:59.2,59.13 1 0
github.com/alchemmist/lazy-tmux/internal/picker/rows.go:62.45,63.14 1 0
github.com/alchemmist/lazy-tmux/internal/picker/rows.go:63.14,65.3 1 0
github.com/alchemmist/lazy-tmux/internal/picker/rows.go:66.2,66.14 1 0
github.com/alchemmist/lazy-tmux/internal/picker/rows.go:69.44,70.17 1 0
github.com/alchemmist/lazy-tmux/internal/picker/rows.go:70.17,72.3 1 0
github.com/alchemmist/lazy-tmux/internal/picker/rows.go:73.2,75.27 3 0
github.com/alchemmist/lazy-tmux/internal/picker/rows.go:75.27,76.20 1 0
github.com/alchemmist/lazy-tmux/internal/picker/rows.go:76.20,77.9 1 0
github.com/alchemmist/lazy-tmux/internal/picker/rows.go:79.3,79.18 1 0
github.com/alchemmist/lazy-tmux/internal/picker/rows.go:79.18,81.4 1 0
github.com/alchemmist/lazy-tmux/internal/picker/rows.go:83.2,83.22 1 0
github.com/alchemmist/lazy-tmux/internal/picker/sort.go:46.39,58.2 1 2
github.com/alchemmist/lazy-tmux/internal/picker/sort.go:60.76,63.42 2 2
github.com/alchemmist/lazy-tmux/internal/picker/sort.go:63.42,65.17 2 1
github.com/alchemmist/lazy-tmux/internal/picker/sort.go:65.17,67.4 1 1
github.com/alchemmist/lazy-tmux/internal/picker/sort.go:68.3,68.22 1 0
github.com/alchemmist/lazy-tmux/internal/picker/sort.go:70.2,70.41 1 1
github.com/alchemmist/lazy-tmux/internal/picker/sort.go:70.41,72.17 2 0
github.com/alchemmist/lazy-tmux/internal/picker/sort.go:72.17,74.4 1 0
github.com/alchemmist/lazy-tmux/internal/picker/sort.go:75.3,75.21 1 0
github.com/alchemmist/lazy-tmux/internal/picker/sort.go:77.2,77.18 1 1
github.com/alchemmist/lazy-tmux/internal/picker/sort.go:80.66,83.16 3 1
github.com/alchemmist/lazy-tmux/internal/picker/sort.go:83.16,85.3 1 0
github.com/alchemmist/lazy-tmux/internal/picker/sort.go:86.2,87.29 2 1
github.com/alchemmist/lazy-tmux/internal/picker/sort.go:87.29,89.17 2 1
github.com/alchemmist/lazy-tmux/internal/picker/sort.go:89.17,91.4 1 1
github.com/alchemmist/lazy-tmux/internal/picker/sort.go:92.3,92.31 1 0
github.com/alchemmist/lazy-tmux/internal/picker/sort.go:92.31,94.4 1 0
github.com/alchemmist/lazy-tmux/internal/picker/sort.go:95.3,96.64 2 0
github.com/alchemmist/lazy-tmux/internal/picker/sort.go:98.2,98.20 1 0
github.com/alchemmist/lazy-tmux/internal/picker/sort.go:98.20,100.3 1 0
github.com/alchemmist/lazy-tmux/internal/picker/sort.go:101.2,101.18 1 0
github.com/alchemmist/lazy-tmux/internal/picker/sort.go:104.64,107.16 3 0
github.com/alchemmist/lazy-tmux/internal/picker/sort.go:107.16,109.3 1 0
github.com/alchemmist/lazy-tmux/internal/picker/sort.go:110.2,111.29 2 0
github.com/alchemmist/lazy-tmux/internal/picker/sort.go:111.29,113.17 2 0
github.com/alchemmist/lazy-tmux/internal/picker/sort.go:113.17,115.4 1 0
github.com/alchemmist/lazy-tmux/internal/picker/sort.go:116.3,116.31 1 0
github.com/alchemmist/lazy-tmux/internal/picker/sort.go:116.31,118.4 1 0
github.com/alchemmist/lazy-tmux/internal/picker/sort.go:119.3,120.63 2 0
github.com/alchemmist/lazy-tmux/internal/picker/sort.go:122.2,122.20 1 0
github.com/alchemmist/lazy-tmux/internal/picker/sort.go:122.20,124.3 1 0
github.com/alchemmist/lazy-tmux/internal/picker/sort.go:125.2,125.18 1 0
github.com/alchemmist/lazy-tmux/internal/picker/sort.go:128.51,131.28 3 1
github.com/alchemmist/lazy-tmux/internal/picker/sort.go:131.28,133.14 2 1
github.com/alchemmist/lazy-tmux/internal/picker/sort.go:133.14,135.4 1 0
github.com/alchemmist/lazy-tmux/internal/picker/sort.go:136.3,136.23 1 1
github.com/alchemmist/lazy-tmux/internal/picker/sort.go:138.2,138.17 1 1
github.com/alchemmist/lazy-tmux/internal/picker/sort.go:141.72,144.9 3 1
github.com/alchemmist/lazy-tmux/internal/picker/sort.go:144.9,146.3 1 1
github.com/alchemmist/lazy-tmux/internal/picker/sort.go:147.2,148.13 2 0
github.com/alchemmist/lazy-tmux/internal/picker/sort.go:148.13,150.17 2 0
github.com/alchemmist/lazy-tmux/internal/picker/sort.go:150.17,152.4 1 0
github.com/alchemmist/lazy-tmux/internal/picker/sort.go:153.3,153.11 1 0
github.com/alchemmist/lazy-tmux/internal/picker/sort.go:155.2,155.25 1 0
github.com/alchemmist/lazy-tmux/internal/picker/sort.go:158.70,161.9 3 0
github.com/alchemmist/lazy-tmux/internal/picker/sort.go:161.9,163.3 1 0
github.com/alchemmist/lazy-tmux/internal/picker/sort.go:164.2,165.13 2 0
github.com/alchemmist/lazy-tmux/internal/picker/sort.go:165.13,167.17 2 0
github.com/alchemmist/lazy-tmux/internal/picker/sort.go:167.17,169.4 1 0
github.com/alchemmist/lazy-tmux/internal/picker/sort.go:170.3,170.11 1 0
github.com/alchemmist/lazy-tmux/internal/picker/sort.go:172.2,172.25 1 0
github.com/alchemmist/lazy-tmux/internal/picker/sort.go:175.72,177.9 2 1
github.com/alchemmist/lazy-tmux/internal/picker/sort.go:177.9,179.3 1 1
github.com/alchemmist/lazy-tmux/internal/picker/sort.go:180.2,180.64 1 0
github.com/alchemmist/lazy-tmux/internal/picker/sort.go:183.46,184.48 1 0
github.com/alchemmist/lazy-tmux/internal/picker/sort.go:185.13,186.20 1 0
github.com/alchemmist/lazy-tmux/internal/picker/sort.go:187.14,188.19 1 0
github.com/alchemmist/lazy-tmux/internal/picker/sort.go:189.10,190.75 1 0
github.com/alchemmist/lazy-tmux/internal/picker/sort.go:194.60,195.48 1 1
github.com/alchemmist/lazy-tmux/internal/picker/sort.go:196.53,197.35 1 0
github.com/alchemmist/lazy-tmux/internal/picker/sort.go:198.48,199.35 1 0
github.com/alchemmist/lazy-tmux/internal/picker/sort.go:200.14,201.31 1 0
github.com/alchemmist/lazy-tmux/internal/picker/sort.go:202.17,203.34 1 0
github.com/alchemmist/lazy-tmux/internal/picker/sort.go:204.15,205.32 1 0
github.com/alchemmist/lazy-tmux/internal/picker/sort.go:206.10,207.19 1 1
github.com/alchemmist/lazy-tmux/internal/picker/sort.go:211.58,212.48 1 0
github.com/alchemmist/lazy-tmux/internal/picker/sort.go:213.15,214.31 1 0
github.com/alchemmist/lazy-tmux/internal/picker/sort.go:215.14,216.30 1 0
github.com/alchemmist/lazy-tmux/internal/picker/sort.go:217.15,218.31 1 0
github.com/alchemmist/lazy-tmux/internal/picker/sort.go:219.24,220.29 1 0
github.com/alchemmist/lazy-tmux/internal/picker/sort.go:221.10,222.19 1 0
github.com/alchemmist/lazy-tmux/internal/picker/sort.go:226.59,227.15 1 0
github.com/alchemmist/lazy-tmux/internal/picker/sort.go:228.48,229.14 1 0
github.com/alchemmist/lazy-tmux/internal/picker/sort.go:230.10,231.15 1 0
github.com/alchemmist/lazy-tmux/internal/picker/sort.go:235.57,236.15 1 0
github.com/alchemmist/lazy-tmux/internal/picker/sort.go:237.23,238.14 1 0
github.com/alchemmist/lazy-tmux/internal/picker/sort.go:239.10,240.15 1 0
github.com/alchemmist/lazy-tmux/internal/picker/sort.go:244.75,245.42 1 1
github.com/alchemmist/lazy-tmux/internal/picker/sort.go:245.42,246.28 1 0
github.com/alchemmist/lazy-tmux/internal/picker/sort.go:246.28,247.79 1 0
github.com/alchemmist/lazy-tmux/internal/picker/sort.go:247.79,248.17 1 0
github.com/alchemmist/lazy-tmux/internal/picker/sort.go:248.17,250.6 1 0
github.com/alchemmist/lazy-tmux/internal/picker/sort.go:251.5,251.19 1 0
github.com/alchemmist/lazy-tmux/internal/picker/sort.go:254.3,254.57 1 0
github.com/alchemmist/lazy-tmux/internal/picker/sort.go:258.75,260.2 1 1
github.com/alchemmist/lazy-tmux/internal/picker/sort.go:262.76,263.15 1 0
github.com/alchemmist/lazy-tmux/internal/picker/sort.go:264.27,265.53 1 0
github.com/alchemmist/lazy-tmux/internal/picker/sort.go:266.27,267.49 1 0
github.com/alchemmist/lazy-tmux/internal/picker/sort.go:268.23,269.55 1 0
github.com/alchemmist/lazy-tmux/internal/picker/sort.go:270.26,271.42 1 0
github.com/alchemmist/lazy-tmux/internal/picker/sort.go:272.24,273.38 1 0
github.com/alchemmist/lazy-tmux/internal/picker/sort.go:274.10,275.11 1 0
github.com/alchemmist/lazy-tmux/internal/picker/sort.go:279.38,280.16 1 0
github.com/alchemmist/lazy-tmux/internal/picker/sort.go:280.16,282.3 1 0
github.com/alchemmist/lazy-tmux/internal/picker/sort.go:283.2,283.17 1 0
github.com/alchemmist/lazy-tmux/internal/picker/sort.go:283.17,285.3 1 0
github.com/alchemmist/lazy-tmux/internal/picker/sort.go:286.2,286.10 1 0
github.com/alchemmist/lazy-tmux/internal/picker/sort.go:289.31,290.9 1 0
github.com/alchemmist/lazy-tmux/internal/picker/sort.go:291.13,292.12 1 0
github.com/alchemmist/lazy-tmux/internal/picker/sort.go:293.13,294.11 1 0
github.com/alchemmist/lazy-tmux/internal/picker/sort.go:295.10,296.11 1 0
github.com/alchemmist/lazy-tmux/internal/picker/sort.go:300.67,301.42 1 0
github.com/alchemmist/lazy-tmux/internal/picker/sort.go:301.42,302.28 1 0
github.com/alchemmist/lazy-tmux/internal/picker/sort.go:302.28,303.78 1 0
github.com/alchemmist/lazy-tmux/internal/picker/sort.go:303.78,304.17 1 0
github.com/alchemmist/lazy-tmux/internal/picker/sort.go:304.17,306.6 1 0
github.com/alchemmist/lazy-tmux/internal/picker/sort.go:307.5,307.19 1 0
github.com/alchemmist/lazy-tmux/internal/picker/sort.go:310.3,310.45 1 0
github.com/alchemmist/lazy-tmux/internal/picker/sort.go:314.67,316.2 1 0
github.com/alchemmist/lazy-tmux/internal/picker/sort.go:318.74,319.15 1 0
github.com/alchemmist/lazy-tmux/internal/picker/sort.go:320.23,321.38 1 0
github.com/alchemmist/lazy-tmux/internal/picker/sort.go:322.22,323.41 1 0
github.com/alchemmist/lazy-tmux/internal/picker/sort.go:324.23,325.48 1 0
github.com/alchemmist/lazy-tmux/internal/picker/sort.go:326.21,327.75 1 0
github.com/alchemmist/lazy-tmux/internal/picker/sort.go:328.10,329.11 1 0
github.com/alchemmist/lazy-tmux/internal/picker/table.go:38.35,40.4 1 0
github.com/alchemmist/lazy-tmux/internal/picker/table.go:47.35,49.4 1 0
github.com/alchemmist/lazy-tmux/internal/picker/table.go:57.35,59.4 1 0
github.com/alchemmist/lazy-tmux/internal/picker/table.go:66.35,68.4 1 0
github.com/alchemmist/lazy-tmux/internal/picker/table.go:75.35,77.4 1 0
github.com/alchemmist/lazy-tmux/internal/picker/table.go:81.63,84.41 3 0
github.com/alchemmist/lazy-tmux/internal/picker/table.go:84.41,85.20 1 0
github.com/alchemmist/lazy-tmux/internal/picker/table.go:85.20,87.4 1 0
github.com/alchemmist/lazy-tmux/internal/picker/table.go:87.9,89.4 1 0
github.com/alchemmist/lazy-tmux/internal/picker/table.go:91.2,91.43 1 0
github.com/alchemmist/lazy-tmux/internal/picker/table.go:91.43,92.51 1 0
github.com/alchemmist/lazy-tmux/internal/picker/table.go:92.51,94.4 1 0
github.com/alchemmist/lazy-tmux/internal/picker/table.go:95.3,95.53 1 0
github.com/alchemmist/lazy-tmux/internal/picker/table.go:98.2,100.32 3 0
github.com/alchemmist/lazy-tmux/internal/picker/table.go:100.32,102.3 1 0
github.com/alchemmist/lazy-tmux/internal/picker/table.go:103.2,103.26 1 0
github.com/alchemmist/lazy-tmux/internal/picker/table.go:103.26,105.45 2 0
github.com/alchemmist/lazy-tmux/internal/picker/table.go:105.45,108.4 2 0
github.com/alchemmist/lazy-tmux/internal/picker/table.go:108.9,109.9 1 0
github.com/alchemmist/lazy-tmux/internal/picker/table.go:113.2,114.41 2 0
github.com/alchemmist/lazy-tmux/internal/picker/table.go:114.41,115.39 1 0
github.com/alchemmist/lazy-tmux/internal/picker/table.go:115.39,116.12 1 0
github.com/alchemmist/lazy-tmux/internal/picker/table.go:118.3,118.82 1 0
github.com/alchemmist/lazy-tmux/internal/picker/table.go:120.2,121.15 2 0
github.com/alchemmist/lazy-tmux/internal/picker/table.go:121.15,124.3 2 0
github.com/alchemmist/lazy-tmux/internal/picker/table.go:125.2,125.15 1 0
github.com/alchemmist/lazy-tmux/internal/picker/table.go:125.15,126.26 1 0
github.com/alchemmist/lazy-tmux/internal/picker/table.go:126.26,128.4 1 0
github.com/alchemmist/lazy-tmux/internal/picker/table.go:129.3,129.43 1 0
github.com/alchemmist/lazy-tmux/internal/picker/table.go:129.43,131.4 1 0
github.com/alchemmist/lazy-tmux/internal/picker/table.go:134.2,134.44 1 0
github.com/alchemmist/lazy-tmux/internal/picker/table.go:137.71,138.23 1 0
github.com/alchemmist/lazy-tmux/internal/picker/table.go:138.23,140.3 1 0
github.com/alchemmist/lazy-tmux/internal/picker/table.go:141.2,141.39 1 0
github.com/alchemmist/lazy-tmux/internal/picker/table.go:141.39,143.14 2 0
github.com/alchemmist/lazy-tmux/internal/picker/table.go:143.14,145.4 1 0
github.com/alchemmist/lazy-tmux/internal/picker/table.go:146.3,146.23 1 0
github.com/alchemmist/lazy-tmux/internal/picker/table.go:150.51,152.30 2 0
github.com/alchemmist/lazy-tmux/internal/picker/table.go:152.30,154.3 1 0
github.com/alchemmist/lazy-tmux/internal/picker/table.go:155.2,155.14 1 0
github.com/alchemmist/lazy-tmux/internal/picker/table.go:158.63,161.30 3 0
github.com/alchemmist/lazy-tmux/internal/picker/table.go:161.30,162.21 1 0
github.com/alchemmist/lazy-tmux/internal/picker/table.go:162.21,163.12 1 0
github.com/alchemmist/lazy-tmux/internal/picker/table.go:165.3,165.28 1 0
github.com/alchemmist/lazy-tmux/internal/picker/table.go:165.28,168.4 2 0
github.com/alchemmist/lazy-tmux/internal/picker/table.go:170.2,170.13 1 0
github.com/alchemmist/lazy-tmux/internal/picker/table.go:173.50,175.29 2 0
github.com/alchemmist/lazy-tmux/internal/picker/table.go:175.29,177.3 1 0
github.com/alchemmist/lazy-tmux/internal/picker/table.go:178.2,178.14 1 0
github.com/alchemmist/lazy-tmux/internal/picker/table.go:181.44,182.53 1 0
github.com/alchemmist/lazy-tmux/internal/picker/table.go:182.53,182.74 1 0
github.com/alchemmist/lazy-tmux/internal/picker/table.go:185.54,186.53 1 0
github.com/alchemmist/lazy-tmux/internal/picker/table.go:186.53,186.79 1 0
github.com/alchemmist/lazy-tmux/internal/picker/table.go:189.87,191.32 2 0
github.com/alchemmist/lazy-tmux/internal/picker/table.go:191.32,193.32 2 0
github.com/alchemmist/lazy-tmux/internal/picker/table.go:193.32,195.4 1 0
github.com/alchemmist/lazy-tmux/internal/picker/table.go:196.3,197.28 2 0
github.com/alchemmist/lazy-tmux/internal/picker/table.go:197.28,199.12 2 0
github.com/alchemmist/lazy-tmux/internal/picker/table.go:201.3,203.14 3 0
github.com/alchemmist/lazy-tmux/internal/picker/table.go:203.14,205.4 1 0
github.com/alchemmist/lazy-tmux/internal/picker/table.go:207.2,207.21 1 0
github.com/alchemmist/lazy-tmux/internal/picker/utils.go:5.35,6.11 1 0
github.com/alchemmist/lazy-tmux/internal/picker/utils.go:6.11,8.3 1 0
github.com/alchemmist/lazy-tmux/internal/picker/utils.go:9.2,10.17 2 0
github.com/alchemmist/lazy-tmux/internal/picker/utils.go:10.17,12.3 1 0
github.com/alchemmist/lazy-tmux/internal/picker/utils.go:13.2,13.12 1 0
github.com/alchemmist/lazy-tmux/internal/picker/utils.go:13.12,15.3 1 0
github.com/alchemmist/lazy-tmux/internal/picker/utils.go:16.2,16.32 1 0
github.com/alchemmist/lazy-tmux/internal/picker/window_cmd.go:9.53,10.23 1 0
github.com/alchemmist/lazy-tmux/internal/picker/window_cmd.go:10.23,12.3 1 0
github.com/alchemmist/lazy-tmux/internal/picker/window_cmd.go:15.2,16.25 2 0
github.com/alchemmist/lazy-tmux/internal/picker/window_cmd.go:16.25,17.39 1 0
github.com/alchemmist/lazy-tmux/internal/picker/window_cmd.go:17.39,19.9 2 0
github.com/alchemmist/lazy-tmux/internal/picker/window_cmd.go:23.2,23.69 1 0
github.com/alchemmist/lazy-tmux/internal/picker/window_cmd.go:23.69,25.3 1 0
github.com/alchemmist/lazy-tmux/internal/picker/window_cmd.go:26.2,26.54 1 0
github.com/alchemmist/lazy-tmux/internal/store/store.go:32.33,34.2 1 17
github.com/alchemmist/lazy-tmux/internal/store/store.go:36.30,37.70 1 15
github.com/alchemmist/lazy-tmux/internal/store/store.go:37.70,39.3 1 0
github.com/alchemmist/lazy-tmux/internal/store/store.go:40.2,41.16 2 15
github.com/alchemmist/lazy-tmux/internal/store/store.go:41.16,43.3 1 0
github.com/alchemmist/lazy-tmux/internal/store/store.go:44.2,44.60 1 15
github.com/alchemmist/lazy-tmux/internal/store/store.go:47.64,48.26 1 9
github.com/alchemmist/lazy-tmux/internal/store/store.go:48.26,50.3 1 0
github.com/alchemmist/lazy-tmux/internal/store/store.go:51.2,51.28 1 9
github.com/alchemmist/lazy-tmux/internal/store/store.go:51.28,53.3 1 0
github.com/alchemmist/lazy-tmux/internal/store/store.go:55.2,58.41 3 9
github.com/alchemmist/lazy-tmux/internal/store/store.go:58.41,60.3 1 0
github.com/alchemmist/lazy-tmux/internal/store/store.go:62.2,63.16 2 9
github.com/alchemmist/lazy-tmux/internal/store/store.go:63.16,65.3 1 0
github.com/alchemmist/lazy-tmux/internal/store/store.go:67.2,69.16 3 9
github.com/alchemmist/lazy-tmux/internal/store/store.go:69.16,71.3 1 0
github.com/alchemmist/lazy-tmux/internal/store/store.go:72.2,72.15 1 9
github.com/alchemmist/lazy-tmux/internal/store/store.go:72.15,72.41 1 9
github.com/alchemmist/lazy-tmux/internal/store/store.go:74.2,74.87 1 9
github.com/alchemmist/lazy-tmux/internal/store/store.go:74.87,76.3 1 0
github.com/alchemmist/lazy-tmux/internal/store/store.go:77.2,77.49 1 9
github.com/alchemmist/lazy-tmux/internal/store/store.go:77.49,79.3 1 0
github.com/alchemmist/lazy-tmux/internal/store/store.go:81.2,82.16 2 9
github.com/alchemmist/lazy-tmux/internal/store/store.go:82.16,84.3 1 0
github.com/alchemmist/lazy-tmux/internal/store/store.go:85.2,86.31 2 9
github.com/alchemmist/lazy-tmux/internal/store/store.go:86.31,88.3 1 9
github.com/alchemmist/lazy-tmux/internal/store/store.go:89.2,98.44 3 9
github.com/alchemmist/lazy-tmux/internal/store/store.go:101.50,103.16 2 0
github.com/alchemmist/lazy-tmux/internal/store/store.go:103.16,105.3 1 0
github.com/alchemmist/lazy-tmux/internal/store/store.go:107.2,111.75 4 0
github.com/alchemmist/lazy-tmux/internal/store/store.go:111.75,113.3 1 0
github.com/alchemmist/lazy-tmux/internal/store/store.go:115.2,116.16 2 0
github.com/alchemmist/lazy-tmux/internal/store/store.go:116.16,118.3 1 0
github.com/alchemmist/lazy-tmux/internal/store/store.go:119.2,121.69 3 0
github.com/alchemmist/lazy-tmux/internal/store/store.go:121.69,123.3 1 0
github.com/alchemmist/lazy-tmux/internal/store/store.go:124.2,124.49 1 0
github.com/alchemmist/lazy-tmux/internal/store/store.go:124.49,126.3 1 0
github.com/alchemmist/lazy-tmux/internal/store/store.go:128.2,129.16 2 0
github.com/alchemmist/lazy-tmux/internal/store/store.go:129.16,131.3 1 0
github.com/alchemmist/lazy-tmux/internal/store/store.go:132.2,132.25 1 0
github.com/alchemmist/lazy-tmux/internal/store/store.go:132.25,134.3 1 0
github.com/alchemmist/lazy-tmux/internal/store/store.go:135.2,136.44 2 0
github.com/alchemmist/lazy-tmux/internal/store/store.go:139.76,147.16 6 7
github.com/alchemmist/lazy-tmux/internal/store/store.go:147.16,149.3 1 0
github.com/alchemmist/lazy-tmux/internal/store/store.go:150.2,150.48 1 7
github.com/alchemmist/lazy-tmux/internal/store/store.go:150.48,152.3 1 0
github.com/alchemmist/lazy-tmux/internal/store/store.go:153.2,153.50 1 7
github.com/alchemmist/lazy-tmux/internal/store/store.go:153.50,155.3 1 0
github.com/alchemmist/lazy-tmux/internal/store/store.go:156.2,156.17 1 7
github.com/alchemmist/lazy-tmux/internal/store/store.go:159.58,161.16 2 0
github.com/alchemmist/lazy-tmux/internal/store/store.go:161.16,163.3 1 0
github.com/alchemmist/lazy-tmux/internal/store/store.go:164.2,164.33 1 0
github.com/alchemmist/lazy-tmux/internal/store/store.go:167.58,169.16 2 0
github.com/alchemmist/lazy-tmux/internal/store/store.go:169.16,171.3 1 0
github.com/alchemmist/lazy-tmux/internal/store/store.go:173.2,177.41 4 0
github.com/alchemmist/lazy-tmux/internal/store/store.go:177.41,178.37 1 0
github.com/alchemmist/lazy-tmux/internal/store/store.go:178.37,180.4 1 0
github.com/alchemmist/lazy-tmux/internal/store/store.go:181.3,181.20 1 0
github.com/alchemmist/lazy-tmux/internal/store/store.go:183.2,183.18 1 0
github.com/alchemmist/lazy-tmux/internal/store/store.go:186.58,191.16 4 4
github.com/alchemmist/lazy-tmux/internal/store/store.go:191.16,192.37 1 0
github.com/alchemmist/lazy-tmux/internal/store/store.go:192.37,194.4 1 0
github.com/alchemmist/lazy-tmux/internal/store/store.go:195.3,195.18 1 0
github.com/alchemmist/lazy-tmux/internal/store/store.go:198.2,199.33 2 4
github.com/alchemmist/lazy-tmux/internal/store/store.go:199.33,201.3 1 4
github.com/alchemmist/lazy-tmux/internal/store/store.go:202.2,202.42 1 4
github.com/alchemmist/lazy-tmux/internal/store/store.go:202.42,203.57 1 1
github.com/alchemmist/lazy-tmux/internal/store/store.go:203.57,205.4 1 0
github.com/alchemmist/lazy-tmux/internal/store/store.go:206.3,206.60 1 1
github.com/alchemmist/lazy-tmux/internal/store/store.go:208.2,208.21 1 4
github.com/alchemmist/lazy-tmux/internal/store/store.go:211.57,213.16 2 2
github.com/alchemmist/lazy-tmux/internal/store/store.go:213.16,215.3 1 0
github.com/alchemmist/lazy-tmux/internal/store/store.go:216.2,216.20 1 2
github.com/alchemmist/lazy-tmux/internal/store/store.go:216.20,218.3 1 1
github.com/alchemmist/lazy-tmux/internal/store/store.go:219.2,219.21 1 1
github.com/alchemmist/lazy-tmux/internal/store/store.go:222.70,224.16 2 3
github.com/alchemmist/lazy-tmux/internal/store/store.go:224.16,226.3 1 0
github.com/alchemmist/lazy-tmux/internal/store/store.go:227.2,227.17 1 3
github.com/alchemmist/lazy-tmux/internal/store/store.go:227.17,229.3 1 0
github.com/alchemmist/lazy-tmux/internal/store/store.go:231.2,235.16 4 3
github.com/alchemmist/lazy-tmux/internal/store/store.go:235.16,237.3 1 0
github.com/alchemmist/lazy-tmux/internal/store/store.go:238.2,239.9 2 3
github.com/alchemmist/lazy-tmux/internal/store/store.go:239.9,241.3 1 0
github.com/alchemmist/lazy-tmux/internal/store/store.go:242.2,245.44 4 3
github.com/alchemmist/lazy-tmux/internal/store/store.go:248.38,249.95 1 9
github.com/alchemmist/lazy-tmux/internal/store/store.go:249.95,251.3 1 0
github.com/alchemmist/lazy-tmux/internal/store/store.go:252.2,252.96 1 9
github.com/alchemmist/lazy-tmux/internal/store/store.go:252.96,254.3 1 0
github.com/alchemmist/lazy-tmux/internal/store/store.go:255.2,255.12 1 9
github.com/alchemmist/lazy-tmux/internal/store/store.go:258.61,261.16 3 16
github.com/alchemmist/lazy-tmux/internal/store/store.go:261.16,262.37 1 8
github.com/alchemmist/lazy-tmux/internal/store/store.go:262.37,264.4 1 8
github.com/alchemmist/lazy-tmux/internal/store/store.go:265.3,265.31 1 0
github.com/alchemmist/lazy-tmux/internal/store/store.go:267.2,268.48 2 8
github.com/alchemmist/lazy-tmux/internal/store/store.go:268.48,270.3 1 0
github.com/alchemmist/lazy-tmux/internal/store/store.go:271.2,271.25 1 8
github.com/alchemmist/lazy-tmux/internal/store/store.go:271.25,273.3 1 0
github.com/alchemmist/lazy-tmux/internal/store/store.go:274.2,274.22 1 8
github.com/alchemmist/lazy-tmux/internal/store/store.go:274.22,276.3 1 0
github.com/alchemmist/lazy-tmux/internal/store/store.go:277.2,277.17 1 8
github.com/alchemmist/lazy-tmux/internal/store/store.go:280.36,282.2 1 28
github.com/alchemmist/lazy-tmux/internal/store/store.go:284.49,286.2 1 16
github.com/alchemmist/lazy-tmux/internal/store/store.go:288.39,291.15 3 25
github.com/alchemmist/lazy-tmux/internal/store/store.go:291.15,293.3 1 0
github.com/alchemmist/lazy-tmux/internal/store/store.go:294.2,294.12 1 25
github.com/alchemmist/lazy-tmux/internal/store/store.go:305.105,307.16 2 9
github.com/alchemmist/lazy-tmux/internal/store/store.go:307.16,309.3 1 0
github.com/alchemmist/lazy-tmux/internal/store/store.go:310.2,311.29 2 9
github.com/alchemmist/lazy-tmux/internal/store/store.go:311.29,312.40 1 9
github.com/alchemmist/lazy-tmux/internal/store/store.go:312.40,314.30 2 10
github.com/alchemmist/lazy-tmux/internal/store/store.go:314.30,315.13 1 10
github.com/alchemmist/lazy-tmux/internal/store/store.go:317.4,318.40 2 0
github.com/alchemmist/lazy-tmux/internal/store/store.go:318.40,320.13 2 0
github.com/alchemmist/lazy-tmux/internal/store/store.go:322.4,334.6 7 0
github.com/alchemmist/lazy-tmux/internal/store/store.go:337.2,337.31 1 9
github.com/alchemmist/lazy-tmux/internal/store/store.go:340.106,343.76 3 9
github.com/alchemmist/lazy-tmux/internal/store/store.go:343.76,345.3 1 0
github.com/alchemmist/lazy-tmux/internal/store/store.go:346.2,348.15 3 9
github.com/alchemmist/lazy-tmux/internal/store/store.go:348.15,348.45 1 9
github.com/alchemmist/lazy-tmux/internal/store/store.go:350.2,350.23 1 9
github.com/alchemmist/lazy-tmux/internal/store/store.go:350.23,354.3 3 9
github.com/alchemmist/lazy-tmux/internal/store/store.go:356.2,356.65 1 0
github.com/alchemmist/lazy-tmux/internal/store/store.go:356.65,358.3 1 0
github.com/alchemmist/lazy-tmux/internal/store/store.go:359.2,359.30 1 0
github.com/alchemmist/lazy-tmux/internal/store/store.go:359.30,361.85 2 0
github.com/alchemmist/lazy-tmux/internal/store/store.go:361.85,363.4 1 0
github.com/alchemmist/lazy-tmux/internal/store/store.go:366.2,366.69 1 0
github.com/alchemmist/lazy-tmux/internal/store/store.go:366.69,368.3 1 0
github.com/alchemmist/lazy-tmux/internal/store/store.go:369.2,369.12 1 0
github.com/alchemmist/lazy-tmux/internal/store/store.go:372.64,377.47 4 0
github.com/alchemmist/lazy-tmux/internal/store/store.go:377.47,379.3 1 0
github.com/alchemmist/lazy-tmux/internal/store/store.go:379.8,379.44 1 0
github.com/alchemmist/lazy-tmux/internal/store/store.go:379.44,381.3 1 0
github.com/alchemmist/lazy-tmux/internal/store/store.go:383.2,383.19 1 0
github.com/alchemmist/lazy-tmux/internal/store/store.go:383.19,384.58 1 0
github.com/alchemmist/lazy-tmux/internal/store/store.go:384.58,386.4 1 0
github.com/alchemmist/lazy-tmux/internal/store/store.go:389.2,389.56 1 0
github.com/alchemmist/lazy-tmux/internal/store/store.go:389.56,390.20 1 0
github.com/alchemmist/lazy-tmux/internal/store/store.go:390.20,392.4 1 0
github.com/alchemmist/lazy-tmux/internal/store/store.go:393.3,393.13 1 0
github.com/alchemmist/lazy-tmux/internal/store/store.go:396.2,396.19 1 0
github.com/alchemmist/lazy-tmux/internal/store/store.go:396.19,398.3 1 0
github.com/alchemmist/lazy-tmux/internal/store/store.go:399.2,399.12 1 0
github.com/alchemmist/lazy-tmux/internal/store/store.go:402.71,404.16 2 7
github.com/alchemmist/lazy-tmux/internal/store/store.go:404.16,406.3 1 0
github.com/alchemmist/lazy-tmux/internal/store/store.go:408.2,408.29 1 7
github.com/alchemmist/lazy-tmux/internal/store/store.go:408.29,409.40 1 7
github.com/alchemmist/lazy-tmux/internal/store/store.go:409.40,411.78 2 7
github.com/alchemmist/lazy-tmux/internal/store/store.go:411.78,412.13 1 7
github.com/alchemmist/lazy-tmux/internal/store/store.go:414.4,415.18 2 0
github.com/alchemmist/lazy-tmux/internal/store/store.go:415.18,417.5 1 0
github.com/alchemmist/lazy-tmux/internal/store/store.go:418.4,419.18 2 0
github.com/alchemmist/lazy-tmux/internal/store/store.go:419.18,420.39 1 0
github.com/alchemmist/lazy-tmux/internal/store/store.go:420.39,421.14 1 0
github.com/alchemmist/lazy-tmux/internal/store/store.go:423.5,423.15 1 0
github.com/alchemmist/lazy-tmux/internal/store/store.go:425.4,426.34 2 0
github.com/alchemmist/lazy-tmux/internal/store/store.go:426.34,428.5 1 0
github.com/alchemmist/lazy-tmux/internal/store/store.go:429.4,429.34 1 0
github.com/alchemmist/lazy-tmux/internal/store/store.go:429.34,431.5 1 0
github.com/alchemmist/lazy-tmux/internal/store/store.go:434.2,434.12 1 7
github.com/alchemmist/lazy-tmux/internal/store/store.go:437.72,439.15 2 0
github.com/alchemmist/lazy-tmux/internal/store/store.go:439.15,441.3 1 0
github.com/alchemmist/lazy-tmux/internal/store/store.go:442.2,444.16 3 0
github.com/alchemmist/lazy-tmux/internal/store/store.go:444.16,446.3 1 0
github.com/alchemmist/lazy-tmux/internal/store/store.go:447.2,448.16 2 0
github.com/alchemmist/lazy-tmux/internal/store/store.go:448.16,450.3 1 0
github.com/alchemmist/lazy-tmux/internal/store/store.go:451.2,452.16 2 0
github.com/alchemmist/lazy-tmux/internal/store/store.go:452.16,454.3 1 0
github.com/alchemmist/lazy-tmux/internal/store/store.go:455.2,457.16 3 0
github.com/alchemmist/lazy-tmux/internal/store/store.go:457.16,458.37 1 0
github.com/alchemmist/lazy-tmux/internal/store/store.go:458.37,460.4 1 0
github.com/alchemmist/lazy-tmux/internal/store/store.go:460.9,462.4 1 0
github.com/alchemmist/lazy-tmux/internal/store/store.go:465.2,466.16 2 0
github.com/alchemmist/lazy-tmux/internal/store/store.go:466.16,468.3 1 0
github.com/alchemmist/lazy-tmux/internal/store/store.go:469.2,469.16 1 0
github.com/alchemmist/lazy-tmux/internal/store/store.go:469.16,471.3 1 0
github.com/alchemmist/lazy-tmux/internal/store/store.go:472.2,473.112 2 0
github.com/alchemmist/lazy-tmux/internal/store/store.go:473.112,475.3 1 0
github.com/alchemmist/lazy-tmux/internal/store/store.go:476.2,476.23 1 0
github.com/alchemmist/lazy-tmux/internal/store/store.go:479.68,481.47 2 9
github.com/alchemmist/lazy-tmux/internal/store/store.go:481.47,483.3 1 0
github.com/alchemmist/lazy-tmux/internal/store/store.go:484.2,484.52 1 9
github.com/alchemmist/lazy-tmux/internal/store/store.go:484.52,486.3 1 0
github.com/alchemmist/lazy-tmux/internal/store/store.go:487.2,487.62 1 9
github.com/alchemmist/lazy-tmux/internal/store/store.go:487.62,489.3 1 0
github.com/alchemmist/lazy-tmux/internal/store/store.go:490.2,490.64 1 9
github.com/alchemmist/lazy-tmux/internal/store/store.go:490.64,492.3 1 0
github.com/alchemmist/lazy-tmux/internal/store/store.go:493.2,493.18 1 9
github.com/alchemmist/lazy-tmux/internal/store/store.go:496.55,498.16 2 9
github.com/alchemmist/lazy-tmux/internal/store/store.go:498.16,500.3 1 0
github.com/alchemmist/lazy-tmux/internal/store/store.go:501.2,502.16 2 9
github.com/alchemmist/lazy-tmux/internal/store/store.go:502.16,504.3 1 0
github.com/alchemmist/lazy-tmux/internal/store/store.go:505.2,506.16 2 9
github.com/alchemmist/lazy-tmux/internal/store/store.go:506.16,508.3 1 0
github.com/alchemmist/lazy-tmux/internal/store/store.go:509.2,510.112 2 9
github.com/alchemmist/lazy-tmux/internal/store/store.go:510.112,512.3 1 0
github.com/alchemmist/lazy-tmux/internal/store/store.go:513.2,513.12 1 9
github.com/alchemmist/lazy-tmux/internal/store/store.go:516.31,517.13 1 0
github.com/alchemmist/lazy-tmux/internal/store/store.go:517.13,519.3 1 0
github.com/alchemmist/lazy-tmux/internal/store/store.go:520.2,520.35 1 0
github.com/alchemmist/lazy-tmux/internal/store/store.go:523.48,525.16 2 12
github.com/alchemmist/lazy-tmux/internal/store/store.go:525.16,527.3 1 0
github.com/alchemmist/lazy-tmux/internal/store/store.go:528.2,528.29 1 12
github.com/alchemmist/lazy-tmux/internal/store/store.go:531.74,533.16 2 21
github.com/alchemmist/lazy-tmux/internal/store/store.go:533.16,535.3 1 0
github.com/alchemmist/lazy-tmux/internal/store/store.go:536.2,537.65 2 21
github.com/alchemmist/lazy-tmux/internal/store/store.go:537.65,539.3 1 0
github.com/alchemmist/lazy-tmux/internal/store/store.go:540.2,540.17 1 21
github.com/alchemmist/lazy-tmux/internal/tmux/client.go:31.36,32.34 1 9
github.com/alchemmist/lazy-tmux/internal/tmux/client.go:32.34,34.3 1 0
github.com/alchemmist/lazy-tmux/internal/tmux/client.go:35.2,35.26 1 9
github.com/alchemmist/lazy-tmux/internal/tmux/client.go:38.40,40.34 2 30
github.com/alchemmist/lazy-tmux/internal/tmux/client.go:40.34,42.3 1 0
github.com/alchemmist/lazy-tmux/internal/tmux/client.go:43.2,43.19 1 30
github.com/alchemmist/lazy-tmux/internal/tmux/client.go:46.63,48.2 1 7
github.com/alchemmist/lazy-tmux/internal/tmux/client.go:50.72,52.2 1 3
github.com/alchemmist/lazy-tmux/internal/tmux/client.go:54.65,56.2 1 0
github.com/alchemmist/lazy-tmux/internal/tmux/client.go:58.50,60.2 1 0
github.com/alchemmist/lazy-tmux/internal/tmux/client.go:62.44,67.2 4 0
github.com/alchemmist/lazy-tmux/internal/tmux/client.go:69.57,72.16 3 28
github.com/alchemmist/lazy-tmux/internal/tmux/client.go:72.16,74.3 1 0
github.com/alchemmist/lazy-tmux/internal/tmux/client.go:75.2,75.25 1 28
github.com/alchemmist/lazy-tmux/internal/tmux/client.go:78.50,81.2 2 7
github.com/alchemmist/lazy-tmux/internal/tmux/client.go:83.51,85.16 2 1
github.com/alchemmist/lazy-tmux/internal/tmux/client.go:85.16,86.57 1 0
github.com/alchemmist/lazy-tmux/internal/tmux/client.go:86.57,88.4 1 0
github.com/alchemmist/lazy-tmux/internal/tmux/client.go:89.3,89.18 1 0
github.com/alchemmist/lazy-tmux/internal/tmux/client.go:91.2,93.19 3 1
github.com/alchemmist/lazy-tmux/internal/tmux/client.go:96.51,98.16 2 1
github.com/alchemmist/lazy-tmux/internal/tmux/client.go:98.16,100.3 1 0
github.com/alchemmist/lazy-tmux/internal/tmux/client.go:101.2,101.36 1 1
github.com/alchemmist/lazy-tmux/internal/tmux/client.go:104.38,106.16 2 0
github.com/alchemmist/lazy-tmux/internal/tmux/client.go:106.16,108.3 1 0
github.com/alchemmist/lazy-tmux/internal/tmux/client.go:109.2,110.13 2 0
github.com/alchemmist/lazy-tmux/internal/tmux/client.go:110.13,112.3 1 0
github.com/alchemmist/lazy-tmux/internal/tmux/client.go:113.2,113.10 1 0
github.com/alchemmist/lazy-tmux/internal/tmux/client.go:116.53,117.29 1 2
github.com/alchemmist/lazy-tmux/internal/tmux/client.go:117.29,119.3 1 0
github.com/alchemmist/lazy-tmux/internal/tmux/client.go:120.2,121.12 2 2
github.com/alchemmist/lazy-tmux/internal/tmux/client.go:124.68,127.2 2 0
github.com/alchemmist/lazy-tmux/internal/tmux/client.go:129.52,132.2 2 0
github.com/alchemmist/lazy-tmux/internal/tmux/client.go:134.83,137.2 2 0
github.com/alchemmist/lazy-tmux/internal/tmux/client.go:139.67,142.2 2 0
github.com/alchemmist/lazy-tmux/internal/tmux/client.go:144.48,147.2 2 0
github.com/alchemmist/lazy-tmux/internal/tmux/client.go:149.63,151.35 2 0
github.com/alchemmist/lazy-tmux/internal/tmux/client.go:151.35,153.3 1 0
github.com/alchemmist/lazy-tmux/internal/tmux/client.go:154.2,155.12 2 0
github.com/alchemmist/lazy-tmux/internal/tmux/client.go:158.80,159.28 1 4
github.com/alchemmist/lazy-tmux/internal/tmux/client.go:159.28,161.3 1 0
github.com/alchemmist/lazy-tmux/internal/tmux/client.go:163.2,164.16 2 4
github.com/alchemmist/lazy-tmux/internal/tmux/client.go:164.16,166.3 1 0
github.com/alchemmist/lazy-tmux/internal/tmux/client.go:167.2,168.20 2 4
github.com/alchemmist/lazy-tmux/internal/tmux/client.go:168.20,170.3 1 0
github.com/alchemmist/lazy-tmux/internal/tmux/client.go:171.2,175.16 4 4
github.com/alchemmist/lazy-tmux/internal/tmux/client.go:175.16,177.3 1 0
github.com/alchemmist/lazy-tmux/internal/tmux/client.go:179.2,180.40 2 4
github.com/alchemmist/lazy-tmux/internal/tmux/client.go:180.40,182.22 2 4
github.com/alchemmist/lazy-tmux/internal/tmux/client.go:182.22,183.12 1 0
github.com/alchemmist/lazy-tmux/internal/tmux/client.go:185.3,200.17 4 4
github.com/alchemmist/lazy-tmux/internal/tmux/client.go:200.17,202.4 1 0
github.com/alchemmist/lazy-tmux/internal/tmux/client.go:203.3,203.42 1 4
github.com/alchemmist/lazy-tmux/internal/tmux/client.go:203.42,205.19 2 4
github.com/alchemmist/lazy-tmux/internal/tmux/client.go:205.19,206.13 1 0
github.com/alchemmist/lazy-tmux/internal/tmux/client.go:208.4,218.21 5 4
github.com/alchemmist/lazy-tmux/internal/tmux/client.go:218.21,220.5 1 4
github.com/alchemmist/lazy-tmux/internal/tmux/client.go:221.4,221.35 1 4
github.com/alchemmist/lazy-tmux/internal/tmux/client.go:223.3,223.43 1 4
github.com/alchemmist/lazy-tmux/internal/tmux/client.go:223.43,223.89 1 0
github.com/alchemmist/lazy-tmux/internal/tmux/client.go:224.3,224.31 1 4
github.com/alchemmist/lazy-tmux/internal/tmux/client.go:227.2,227.42 1 4
github.com/alchemmist/lazy-tmux/internal/tmux/client.go:227.42,227.88 1 0
github.com/alchemmist/lazy-tmux/internal/tmux/client.go:228.2,235.8 1 4
github.com/alchemmist/lazy-tmux/internal/tmux/client.go:238.67,239.25 1 3
github.com/alchemmist/lazy-tmux/internal/tmux/client.go:239.25,241.3 1 0
github.com/alchemmist/lazy-tmux/internal/tmux/client.go:242.2,242.36 1 3
github.com/alchemmist/lazy-tmux/internal/tmux/client.go:242.36,244.3 1 0
github.com/alchemmist/lazy-tmux/internal/tmux/client.go:245.2,245.25 1 3
github.com/alchemmist/lazy-tmux/internal/tmux/client.go:245.25,247.3 1 0
github.com/alchemmist/lazy-tmux/internal/tmux/client.go:249.2,251.42 3 3
github.com/alchemmist/lazy-tmux/internal/tmux/client.go:251.42,251.88 1 0
github.com/alchemmist/lazy-tmux/internal/tmux/client.go:253.2,254.92 2 3
github.com/alchemmist/lazy-tmux/internal/tmux/client.go:254.92,256.3 1 0
github.com/alchemmist/lazy-tmux/internal/tmux/client.go:260.2,260.106 1 3
github.com/alchemmist/lazy-tmux/internal/tmux/client.go:260.106,266.17 2 0
github.com/alchemmist/lazy-tmux/internal/tmux/client.go:266.17,268.4 1 0
github.com/alchemmist/lazy-tmux/internal/tmux/client.go:271.2,271.76 1 3
github.com/alchemmist/lazy-tmux/internal/tmux/client.go:271.76,273.3 1 0
github.com/alchemmist/lazy-tmux/internal/tmux/client.go:275.2,275.36 1 3
github.com/alchemmist/lazy-tmux/internal/tmux/client.go:275.36,277.69 2 0
github.com/alchemmist/lazy-tmux/internal/tmux/client.go:277.69,279.4 1 0
github.com/alchemmist/lazy-tmux/internal/tmux/client.go:282.2,284.12 3 3
github.com/alchemmist/lazy-tmux/internal/tmux/client.go:287.69,289.42 2 3
github.com/alchemmist/lazy-tmux/internal/tmux/client.go:289.42,291.3 1 3
github.com/alchemmist/lazy-tmux/internal/tmux/client.go:292.2,292.13 1 3
github.com/alchemmist/lazy-tmux/internal/tmux/client.go:295.68,297.42 2 0
github.com/alchemmist/lazy-tmux/internal/tmux/client.go:297.42,299.3 1 0
github.com/alchemmist/lazy-tmux/internal/tmux/client.go:300.2,300.13 1 0
github.com/alchemmist/lazy-tmux/internal/tmux/client.go:303.87,304.85 1 0
github.com/alchemmist/lazy-tmux/internal/tmux/client.go:304.85,306.3 1 0
github.com/alchemmist/lazy-tmux/internal/tmux/client.go:307.2,307.50 1 0
github.com/alchemmist/lazy-tmux/internal/tmux/client.go:310.95,311.71 1 3
github.com/alchemmist/lazy-tmux/internal/tmux/client.go:311.71,313.3 1 0
github.com/alchemmist/lazy-tmux/internal/tmux/client.go:314.2,315.77 2 3
github.com/alchemmist/lazy-tmux/internal/tmux/client.go:315.77,317.3 1 0
github.com/alchemmist/lazy-tmux/internal/tmux/client.go:318.2,318.20 1 3
github.com/alchemmist/lazy-tmux/internal/tmux/client.go:318.20,320.3 1 0
github.com/alchemmist/lazy-tmux/internal/tmux/client.go:321.2,321.12 1 3
github.com/alchemmist/lazy-tmux/internal/tmux/client.go:324.82,325.16 1 0
github.com/alchemmist/lazy-tmux/internal/tmux/client.go:325.16,327.3 1 0
github.com/alchemmist/lazy-tmux/internal/tmux/client.go:328.2,328.92 1 0
github.com/alchemmist/lazy-tmux/internal/tmux/client.go:331.96,332.23 1 3
github.com/alchemmist/lazy-tmux/internal/tmux/client.go:332.23,334.3 1 3
github.com/alchemmist/lazy-tmux/internal/tmux/client.go:335.2,335.36 1 0
github.com/alchemmist/lazy-tmux/internal/tmux/client.go:335.36,338.29 3 0
github.com/alchemmist/lazy-tmux/internal/tmux/client.go:338.29,340.4 1 0
github.com/alchemmist/lazy-tmux/internal/tmux/client.go:341.3,341.61 1 0
github.com/alchemmist/lazy-tmux/internal/tmux/client.go:341.61,343.4 1 0
github.com/alchemmist/lazy-tmux/internal/tmux/client.go:345.2,345.12 1 0
github.com/alchemmist/lazy-tmux/internal/tmux/client.go:348.46,349.23 1 3
github.com/alchemmist/lazy-tmux/internal/tmux/client.go:349.23,351.3 1 0
github.com/alchemmist/lazy-tmux/internal/tmux/client.go:352.2,354.16 3 3
github.com/alchemmist/lazy-tmux/internal/tmux/client.go:354.16,355.48 1 0
github.com/alchemmist/lazy-tmux/internal/tmux/client.go:355.48,357.4 1 0
github.com/alchemmist/lazy-tmux/internal/tmux/client.go:359.2,359.29 1 3
github.com/alchemmist/lazy-tmux/internal/tmux/client.go:362.56,364.47 2 3
github.com/alchemmist/lazy-tmux/internal/tmux/client.go:364.47,366.3 1 0
github.com/alchemmist/lazy-tmux/internal/tmux/client.go:368.2,369.47 2 3
github.com/alchemmist/lazy-tmux/internal/tmux/client.go:369.47,371.3 1 0
github.com/alchemmist/lazy-tmux/internal/tmux/client.go:373.2,373.11 1 3
github.com/alchemmist/lazy-tmux/internal/tmux/client.go:376.38,387.2 4 3
github.com/alchemmist/lazy-tmux/internal/tmux/client.go:389.40,391.22 2 3
github.com/alchemmist/lazy-tmux/internal/tmux/client.go:391.22,393.3 1 0
github.com/alchemmist/lazy-tmux/internal/tmux/client.go:394.2,395.38 2 3
github.com/alchemmist/lazy-tmux/internal/tmux/client.go:398.41,400.19 2 6
github.com/alchemmist/lazy-tmux/internal/tmux/client.go:400.19,401.95 1 3
github.com/alchemmist/lazy-tmux/internal/tmux/client.go:401.95,403.4 1 0
github.com/alchemmist/lazy-tmux/internal/tmux/client.go:405.2,405.12 1 6
github.com/alchemmist/lazy-tmux/internal/tmux/client.go:408.102,409.23 1 3
github.com/alchemmist/lazy-tmux/internal/tmux/client.go:409.23,411.3 1 0
github.com/alchemmist/lazy-tmux/internal/tmux/client.go:412.2,414.40 3 3
github.com/alchemmist/lazy-tmux/internal/tmux/client.go:414.40,414.82 1 0
github.com/alchemmist/lazy-tmux/internal/tmux/client.go:416.2,416.29 1 3
github.com/alchemmist/lazy-tmux/internal/tmux/client.go:416.29,418.35 2 3
github.com/alchemmist/lazy-tmux/internal/tmux/client.go:418.35,419.12 1 3
github.com/alchemmist/lazy-tmux/internal/tmux/client.go:421.3,422.76 2 0
github.com/alchemmist/lazy-tmux/internal/tmux/client.go:422.76,424.4 1 0
github.com/alchemmist/lazy-tmux/internal/tmux/client.go:426.2,426.12 1 3
github.com/alchemmist/lazy-tmux/internal/tmux/client.go:429.98,430.23 1 3
github.com/alchemmist/lazy-tmux/internal/tmux/client.go:430.23,432.3 1 0
github.com/alchemmist/lazy-tmux/internal/tmux/client.go:433.2,435.40 3 3
github.com/alchemmist/lazy-tmux/internal/tmux/client.go:435.40,435.82 1 0
github.com/alchemmist/lazy-tmux/internal/tmux/client.go:437.2,437.29 1 3
github.com/alchemmist/lazy-tmux/internal/tmux/client.go:437.29,438.81 1 3
github.com/alchemmist/lazy-tmux/internal/tmux/client.go:438.81,439.12 1 3
github.com/alchemmist/lazy-tmux/internal/tmux/client.go:441.3,443.17 3 0
github.com/alchemmist/lazy-tmux/internal/tmux/client.go:443.17,444.12 1 0
github.com/alchemmist/lazy-tmux/internal/tmux/client.go:446.3,446.88 1 0
github.com/alchemmist/lazy-tmux/internal/tmux/client.go:446.88,447.12 1 0
github.com/alchemmist/lazy-tmux/internal/tmux/client.go:452.47,454.16 2 0
github.com/alchemmist/lazy-tmux/internal/tmux/client.go:454.16,456.3 1 0
github.com/alchemmist/lazy-tmux/internal/tmux/client.go:457.2,457.83 1 0
github.com/alchemmist/lazy-tmux/internal/tmux/client.go:457.83,459.3 1 0
github.com/alchemmist/lazy-tmux/internal/tmux/client.go:460.2,461.16 2 0
github.com/alchemmist/lazy-tmux/internal/tmux/client.go:461.16,463.3 1 0
github.com/alchemmist/lazy-tmux/internal/tmux/client.go:464.2,464.38 1 0
github.com/alchemmist/lazy-tmux/internal/tmux/client.go:464.38,466.3 1 0
github.com/alchemmist/lazy-tmux/internal/tmux/client.go:467.2,468.16 2 0
github.com/alchemmist/lazy-tmux/internal/tmux/client.go:468.16,470.3 1 0
github.com/alchemmist/lazy-tmux/internal/tmux/client.go:471.2,473.12 3 0
github.com/alchemmist/lazy-tmux/internal/tmux/client.go:476.81,478.15 2 4
github.com/alchemmist/lazy-tmux/internal/tmux/client.go:478.15,480.3 1 4
github.com/alchemmist/lazy-tmux/internal/tmux/client.go:483.2,484.53 2 0
github.com/alchemmist/lazy-tmux/internal/tmux/client.go:484.53,486.3 1 0
github.com/alchemmist/lazy-tmux/internal/tmux/client.go:487.2,487.39 1 0
github.com/alchemmist/lazy-tmux/internal/tmux/client.go:487.39,489.3 1 0
github.com/alchemmist/lazy-tmux/internal/tmux/client.go:491.2,493.31 3 0
github.com/alchemmist/lazy-tmux/internal/tmux/client.go:493.31,496.17 3 0
github.com/alchemmist/lazy-tmux/internal/tmux/client.go:496.17,497.9 1 0
github.com/alchemmist/lazy-tmux/internal/tmux/client.go:500.2,500.16 1 0
github.com/alchemmist/lazy-tmux/internal/tmux/client.go:500.16,502.3 1 0
github.com/alchemmist/lazy-tmux/internal/tmux/client.go:504.2,504.69 1 0
github.com/alchemmist/lazy-tmux/internal/tmux/client.go:507.64,509.29 2 0
github.com/alchemmist/lazy-tmux/internal/tmux/client.go:509.29,511.10 2 0
github.com/alchemmist/lazy-tmux/internal/tmux/client.go:511.10,512.12 1 0
github.com/alchemmist/lazy-tmux/internal/tmux/client.go:514.3,514.44 1 0
github.com/alchemmist/lazy-tmux/internal/tmux/client.go:514.44,515.12 1 0
github.com/alchemmist/lazy-tmux/internal/tmux/client.go:517.3,517.34 1 0
github.com/alchemmist/lazy-tmux/internal/tmux/client.go:517.34,519.4 1 0
github.com/alchemmist/lazy-tmux/internal/tmux/client.go:520.3,520.21 1 0
github.com/alchemmist/lazy-tmux/internal/tmux/client.go:520.21,522.4 1 0
github.com/alchemmist/lazy-tmux/internal/tmux/client.go:524.2,524.17 1 0
github.com/alchemmist/lazy-tmux/internal/tmux/client.go:527.59,529.21 2 0
github.com/alchemmist/lazy-tmux/internal/tmux/client.go:529.21,531.3 1 0
github.com/alchemmist/lazy-tmux/internal/tmux/client.go:532.2,533.16 2 0
github.com/alchemmist/lazy-tmux/internal/tmux/client.go:533.16,535.3 1 0
github.com/alchemmist/lazy-tmux/internal/tmux/client.go:536.2,538.34 3 0
github.com/alchemmist/lazy-tmux/internal/tmux/client.go:538.34,540.3 1 0
github.com/alchemmist/lazy-tmux/internal/tmux/client.go:541.2,541.29 1 0
github.com/alchemmist/lazy-tmux/internal/tmux/client.go:544.37,547.15 3 12
github.com/alchemmist/lazy-tmux/internal/tmux/client.go:547.15,549.17 2 13
github.com/alchemmist/lazy-tmux/internal/tmux/client.go:549.17,550.12 1 0
github.com/alchemmist/lazy-tmux/internal/tmux/client.go:552.3,552.26 1 13
github.com/alchemmist/lazy-tmux/internal/tmux/client.go:554.2,554.12 1 12
github.com/alchemmist/lazy-tmux/internal/tmux/client.go:557.82,559.16 2 3
github.com/alchemmist/lazy-tmux/internal/tmux/client.go:559.16,561.3 1 3
github.com/alchemmist/lazy-tmux/internal/tmux/client.go:564.2,565.51 2 0
github.com/alchemmist/lazy-tmux/internal/tmux/client.go:565.51,567.57 2 0
github.com/alchemmist/lazy-tmux/internal/tmux/client.go:567.57,569.4 1 0
github.com/alchemmist/lazy-tmux/internal/tmux/client.go:573.2,574.22 2 0
github.com/alchemmist/lazy-tmux/internal/tmux/client.go:574.22,575.54 1 0
github.com/alchemmist/lazy-tmux/internal/tmux/client.go:575.54,577.4 1 0
github.com/alchemmist/lazy-tmux/internal/tmux/client.go:580.2,580.17 1 0
github.com/alchemmist/lazy-tmux/internal/tmux/client.go:583.58,585.33 2 0
github.com/alchemmist/lazy-tmux/internal/tmux/client.go:585.33,586.21 1 0
github.com/alchemmist/lazy-tmux/internal/tmux/client.go:586.21,588.12 2 0
github.com/alchemmist/lazy-tmux/internal/tmux/client.go:590.3,590.29 1 0
github.com/alchemmist/lazy-tmux/internal/tmux/client.go:592.2,592.12 1 0
github.com/alchemmist/lazy-tmux/internal/tmux/client.go:595.71,597.16 2 3
github.com/alchemmist/lazy-tmux/internal/tmux/client.go:597.16,599.3 1 0
github.com/alchemmist/lazy-tmux/internal/tmux/client.go:600.2,601.21 2 3
github.com/alchemmist/lazy-tmux/internal/tmux/client.go:601.21,603.3 1 0
github.com/alchemmist/lazy-tmux/internal/tmux/client.go:604.2,604.31 1 3
github.com/alchemmist/lazy-tmux/internal/tmux/time.go:5.25,7.2 1 4
