mode: atomic
github.com/alchemmist/lazy-tmux/internal/app/app.go:23.34,29.2 1 5
github.com/alchemmist/lazy-tmux/internal/app/app.go:31.31,33.16 2 1
github.com/alchemmist/lazy-tmux/internal/app/app.go:33.16,35.3 1 0
github.com/alchemmist/lazy-tmux/internal/app/app.go:36.2,36.32 1 1
github.com/alchemmist/lazy-tmux/internal/app/app.go:36.32,37.45 1 2
github.com/alchemmist/lazy-tmux/internal/app/app.go:37.45,39.4 1 0
github.com/alchemmist/lazy-tmux/internal/app/app.go:41.2,41.12 1 1
github.com/alchemmist/lazy-tmux/internal/app/app.go:44.49,46.16 2 4
github.com/alchemmist/lazy-tmux/internal/app/app.go:46.16,48.3 1 0
github.com/alchemmist/lazy-tmux/internal/app/app.go:49.2,49.30 1 4
github.com/alchemmist/lazy-tmux/internal/app/app.go:49.30,51.3 1 1
github.com/alchemmist/lazy-tmux/internal/app/app.go:52.2,52.34 1 4
github.com/alchemmist/lazy-tmux/internal/app/app.go:55.35,57.16 2 1
github.com/alchemmist/lazy-tmux/internal/app/app.go:57.16,59.3 1 0
github.com/alchemmist/lazy-tmux/internal/app/app.go:60.2,60.28 1 1
github.com/alchemmist/lazy-tmux/internal/app/app.go:63.64,65.2 1 2
github.com/alchemmist/lazy-tmux/internal/app/app.go:67.75,69.19 2 4
github.com/alchemmist/lazy-tmux/internal/app/app.go:69.19,71.3 1 1
github.com/alchemmist/lazy-tmux/internal/app/app.go:73.2,74.16 2 3
github.com/alchemmist/lazy-tmux/internal/app/app.go:74.16,76.3 1 0
github.com/alchemmist/lazy-tmux/internal/app/app.go:77.2,78.48 2 3
github.com/alchemmist/lazy-tmux/internal/app/app.go:78.48,80.3 1 0
github.com/alchemmist/lazy-tmux/internal/app/app.go:81.2,81.18 1 3
github.com/alchemmist/lazy-tmux/internal/app/app.go:81.18,83.32 2 1
github.com/alchemmist/lazy-tmux/internal/app/app.go:83.32,85.4 1 1
github.com/alchemmist/lazy-tmux/internal/app/app.go:86.3,86.59 1 1
github.com/alchemmist/lazy-tmux/internal/app/app.go:86.59,88.4 1 0
github.com/alchemmist/lazy-tmux/internal/app/app.go:90.2,90.114 1 3
github.com/alchemmist/lazy-tmux/internal/app/app.go:90.114,92.3 1 0
github.com/alchemmist/lazy-tmux/internal/app/app.go:93.2,93.12 1 3
github.com/alchemmist/lazy-tmux/internal/app/app.go:96.47,98.38 2 2
github.com/alchemmist/lazy-tmux/internal/app/app.go:98.38,100.17 2 2
github.com/alchemmist/lazy-tmux/internal/app/app.go:100.17,101.26 1 2
github.com/alchemmist/lazy-tmux/internal/app/app.go:101.26,103.5 1 2
github.com/alchemmist/lazy-tmux/internal/app/app.go:104.4,104.14 1 0
github.com/alchemmist/lazy-tmux/internal/app/app.go:106.3,106.27 1 0
github.com/alchemmist/lazy-tmux/internal/app/app.go:108.2,108.32 1 0
github.com/alchemmist/lazy-tmux/internal/app/app.go:111.56,113.2 1 0
github.com/alchemmist/lazy-tmux/internal/app/app.go:115.70,117.16 2 3
github.com/alchemmist/lazy-tmux/internal/app/app.go:117.16,119.3 1 0
github.com/alchemmist/lazy-tmux/internal/app/app.go:121.2,121.31 1 3
github.com/alchemmist/lazy-tmux/internal/app/app.go:121.31,122.42 1 3
github.com/alchemmist/lazy-tmux/internal/app/app.go:122.42,124.88 2 4
github.com/alchemmist/lazy-tmux/internal/app/app.go:124.88,125.13 1 2
github.com/alchemmist/lazy-tmux/internal/app/app.go:127.4,129.18 3 2
github.com/alchemmist/lazy-tmux/internal/app/app.go:129.18,130.13 1 0
github.com/alchemmist/lazy-tmux/internal/app/app.go:132.4,133.36 2 2
github.com/alchemmist/lazy-tmux/internal/app/app.go:133.36,134.13 1 1
github.com/alchemmist/lazy-tmux/internal/app/app.go:136.4,138.5 1 1
github.com/alchemmist/lazy-tmux/internal/app/app.go:143.42,145.22 2 9
github.com/alchemmist/lazy-tmux/internal/app/app.go:145.22,147.3 1 1
github.com/alchemmist/lazy-tmux/internal/app/app.go:148.2,149.14 2 8
github.com/alchemmist/lazy-tmux/internal/app/app.go:150.42,151.14 1 6
github.com/alchemmist/lazy-tmux/internal/app/app.go:152.10,153.15 1 2
github.com/alchemmist/lazy-tmux/internal/app/app_crud.go:13.67,14.35 1 4
github.com/alchemmist/lazy-tmux/internal/app/app_crud.go:14.35,15.65 1 1
github.com/alchemmist/lazy-tmux/internal/app/app_crud.go:15.65,17.33 2 0
github.com/alchemmist/lazy-tmux/internal/app/app_crud.go:17.33,19.5 1 0
github.com/alchemmist/lazy-tmux/internal/app/app_crud.go:20.9,21.38 1 1
github.com/alchemmist/lazy-tmux/internal/app/app_crud.go:21.38,23.5 1 1
github.com/alchemmist/lazy-tmux/internal/app/app_crud.go:24.4,24.33 1 0
github.com/alchemmist/lazy-tmux/internal/app/app_crud.go:28.2,29.16 2 3
github.com/alchemmist/lazy-tmux/internal/app/app_crud.go:29.16,30.37 1 0
github.com/alchemmist/lazy-tmux/internal/app/app_crud.go:30.37,32.4 1 0
github.com/alchemmist/lazy-tmux/internal/app/app_crud.go:33.3,33.13 1 0
github.com/alchemmist/lazy-tmux/internal/app/app_crud.go:35.2,37.33 3 3
github.com/alchemmist/lazy-tmux/internal/app/app_crud.go:37.33,38.29 1 4
github.com/alchemmist/lazy-tmux/internal/app/app_crud.go:38.29,40.12 2 2
github.com/alchemmist/lazy-tmux/internal/app/app_crud.go:42.3,42.31 1 2
github.com/alchemmist/lazy-tmux/internal/app/app_crud.go:44.2,44.14 1 3
github.com/alchemmist/lazy-tmux/internal/app/app_crud.go:44.14,46.3 1 1
github.com/alchemmist/lazy-tmux/internal/app/app_crud.go:47.2,47.23 1 2
github.com/alchemmist/lazy-tmux/internal/app/app_crud.go:47.23,49.3 1 1
github.com/alchemmist/lazy-tmux/internal/app/app_crud.go:50.2,51.34 2 1
github.com/alchemmist/lazy-tmux/internal/app/app_crud.go:54.51,55.35 1 1
github.com/alchemmist/lazy-tmux/internal/app/app_crud.go:55.35,56.53 1 1
github.com/alchemmist/lazy-tmux/internal/app/app_crud.go:56.53,58.4 1 0
github.com/alchemmist/lazy-tmux/internal/app/app_crud.go:60.2,60.39 1 1
github.com/alchemmist/lazy-tmux/internal/app/app_crud.go:63.80,64.35 1 2
github.com/alchemmist/lazy-tmux/internal/app/app_crud.go:64.35,66.3 1 1
github.com/alchemmist/lazy-tmux/internal/app/app_crud.go:67.2,67.35 1 1
github.com/alchemmist/lazy-tmux/internal/app/app_crud.go:67.35,68.73 1 0
github.com/alchemmist/lazy-tmux/internal/app/app_crud.go:68.73,70.4 1 0
github.com/alchemmist/lazy-tmux/internal/app/app_crud.go:72.2,73.16 2 1
github.com/alchemmist/lazy-tmux/internal/app/app_crud.go:73.16,75.3 1 0
github.com/alchemmist/lazy-tmux/internal/app/app_crud.go:76.2,77.30 2 1
github.com/alchemmist/lazy-tmux/internal/app/app_crud.go:77.30,78.43 1 1
github.com/alchemmist/lazy-tmux/internal/app/app_crud.go:78.43,81.9 3 1
github.com/alchemmist/lazy-tmux/internal/app/app_crud.go:84.2,84.14 1 1
github.com/alchemmist/lazy-tmux/internal/app/app_crud.go:84.14,86.3 1 0
github.com/alchemmist/lazy-tmux/internal/app/app_crud.go:87.2,87.34 1 1
github.com/alchemmist/lazy-tmux/internal/app/app_crud.go:90.64,91.35 1 5
github.com/alchemmist/lazy-tmux/internal/app/app_crud.go:91.35,93.3 1 1
github.com/alchemmist/lazy-tmux/internal/app/app_crud.go:94.2,94.38 1 4
github.com/alchemmist/lazy-tmux/internal/app/app_crud.go:94.38,96.3 1 1
github.com/alchemmist/lazy-tmux/internal/app/app_crud.go:97.2,97.21 1 3
github.com/alchemmist/lazy-tmux/internal/app/app_crud.go:97.21,99.3 1 1
github.com/alchemmist/lazy-tmux/internal/app/app_crud.go:100.2,101.16 2 2
github.com/alchemmist/lazy-tmux/internal/app/app_crud.go:101.16,103.3 1 0
github.com/alchemmist/lazy-tmux/internal/app/app_crud.go:104.2,105.16 2 2
github.com/alchemmist/lazy-tmux/internal/app/app_crud.go:105.16,107.3 1 0
github.com/alchemmist/lazy-tmux/internal/app/app_crud.go:108.2,108.24 1 2
github.com/alchemmist/lazy-tmux/internal/app/app_crud.go:108.24,110.3 1 1
github.com/alchemmist/lazy-tmux/internal/app/app_crud.go:111.2,112.16 2 1
github.com/alchemmist/lazy-tmux/internal/app/app_crud.go:112.16,114.3 1 0
github.com/alchemmist/lazy-tmux/internal/app/app_crud.go:115.2,115.12 1 1
github.com/alchemmist/lazy-tmux/internal/app/app_crud.go:115.12,117.3 1 1
github.com/alchemmist/lazy-tmux/internal/app/app_crud.go:118.2,119.16 2 0
github.com/alchemmist/lazy-tmux/internal/app/app_crud.go:119.16,121.3 1 0
github.com/alchemmist/lazy-tmux/internal/app/app_crud.go:122.2,123.35 2 0
github.com/alchemmist/lazy-tmux/internal/app/app_crud.go:123.35,124.61 1 0
github.com/alchemmist/lazy-tmux/internal/app/app_crud.go:124.61,126.4 1 0
github.com/alchemmist/lazy-tmux/internal/app/app_crud.go:128.2,128.50 1 0
github.com/alchemmist/lazy-tmux/internal/app/app_crud.go:128.50,130.3 1 0
github.com/alchemmist/lazy-tmux/internal/app/app_crud.go:131.2,131.39 1 0
github.com/alchemmist/lazy-tmux/internal/app/app_crud.go:134.45,135.35 1 2
github.com/alchemmist/lazy-tmux/internal/app/app_crud.go:135.35,137.3 1 1
github.com/alchemmist/lazy-tmux/internal/app/app_crud.go:138.2,138.60 1 1
github.com/alchemmist/lazy-tmux/internal/app/app_crud.go:138.60,140.3 1 0
github.com/alchemmist/lazy-tmux/internal/app/app_crud.go:140.8,140.19 1 1
github.com/alchemmist/lazy-tmux/internal/app/app_crud.go:140.19,142.3 1 1
github.com/alchemmist/lazy-tmux/internal/app/app_crud.go:143.2,143.48 1 0
github.com/alchemmist/lazy-tmux/internal/app/app_crud.go:143.48,145.3 1 0
github.com/alchemmist/lazy-tmux/internal/app/app_crud.go:146.2,147.16 2 0
github.com/alchemmist/lazy-tmux/internal/app/app_crud.go:147.16,150.3 2 0
github.com/alchemmist/lazy-tmux/internal/app/app_crud.go:151.2,151.50 1 0
github.com/alchemmist/lazy-tmux/internal/app/app_crud.go:151.50,154.3 2 0
github.com/alchemmist/lazy-tmux/internal/app/app_crud.go:155.2,155.12 1 0
github.com/alchemmist/lazy-tmux/internal/app/app_crud.go:158.60,159.38 1 1
github.com/alchemmist/lazy-tmux/internal/app/app_crud.go:159.38,161.3 1 0
github.com/alchemmist/lazy-tmux/internal/app/app_crud.go:162.2,162.35 1 1
github.com/alchemmist/lazy-tmux/internal/app/app_crud.go:162.35,163.57 1 0
github.com/alchemmist/lazy-tmux/internal/app/app_crud.go:163.57,165.4 1 0
github.com/alchemmist/lazy-tmux/internal/app/app_crud.go:166.3,167.17 2 0
github.com/alchemmist/lazy-tmux/internal/app/app_crud.go:167.17,169.4 1 0
github.com/alchemmist/lazy-tmux/internal/app/app_crud.go:170.3,170.35 1 0
github.com/alchemmist/lazy-tmux/internal/app/app_crud.go:173.2,174.16 2 1
github.com/alchemmist/lazy-tmux/internal/app/app_crud.go:174.16,176.3 1 0
github.com/alchemmist/lazy-tmux/internal/app/app_crud.go:177.2,178.35 2 1
github.com/alchemmist/lazy-tmux/internal/app/app_crud.go:178.35,180.3 1 1
github.com/alchemmist/lazy-tmux/internal/app/app_crud.go:181.2,189.34 2 1
github.com/alchemmist/lazy-tmux/internal/app/app_crud.go:192.53,194.28 2 1
github.com/alchemmist/lazy-tmux/internal/app/app_crud.go:194.28,195.23 1 2
github.com/alchemmist/lazy-tmux/internal/app/app_crud.go:195.23,197.4 1 2
github.com/alchemmist/lazy-tmux/internal/app/app_crud.go:199.2,199.19 1 1
github.com/alchemmist/lazy-tmux/internal/app/app_picker.go:13.80,15.16 2 6
github.com/alchemmist/lazy-tmux/internal/app/app_picker.go:15.16,17.3 1 0
github.com/alchemmist/lazy-tmux/internal/app/app_picker.go:18.2,18.23 1 6
github.com/alchemmist/lazy-tmux/internal/app/app_picker.go:18.23,20.3 1 3
github.com/alchemmist/lazy-tmux/internal/app/app_picker.go:21.2,22.21 2 3
github.com/alchemmist/lazy-tmux/internal/app/app_picker.go:25.80,27.16 2 1
github.com/alchemmist/lazy-tmux/internal/app/app_picker.go:27.16,29.3 1 0
github.com/alchemmist/lazy-tmux/internal/app/app_picker.go:30.2,31.16 2 1
github.com/alchemmist/lazy-tmux/internal/app/app_picker.go:31.16,33.3 1 0
github.com/alchemmist/lazy-tmux/internal/app/app_picker.go:34.2,35.36 2 1
github.com/alchemmist/lazy-tmux/internal/app/app_picker.go:35.36,37.3 1 1
github.com/alchemmist/lazy-tmux/internal/app/app_picker.go:39.2,40.30 2 1
github.com/alchemmist/lazy-tmux/internal/app/app_picker.go:40.30,42.17 2 2
github.com/alchemmist/lazy-tmux/internal/app/app_picker.go:42.17,44.12 2 1
github.com/alchemmist/lazy-tmux/internal/app/app_picker.go:46.3,51.5 2 1
github.com/alchemmist/lazy-tmux/internal/app/app_picker.go:53.2,53.22 1 1
github.com/alchemmist/lazy-tmux/internal/app/app_picker.go:56.59,58.2 1 0
github.com/alchemmist/lazy-tmux/internal/app/app_picker.go:60.87,62.16 2 0
github.com/alchemmist/lazy-tmux/internal/app/app_picker.go:62.16,63.41 1 0
github.com/alchemmist/lazy-tmux/internal/app/app_picker.go:63.41,65.4 1 0
github.com/alchemmist/lazy-tmux/internal/app/app_picker.go:65.9,67.4 1 0
github.com/alchemmist/lazy-tmux/internal/app/app_picker.go:69.2,76.44 1 0
github.com/alchemmist/lazy-tmux/internal/app/app_picker.go:76.44,78.18 2 0
github.com/alchemmist/lazy-tmux/internal/app/app_picker.go:78.18,79.43 1 0
github.com/alchemmist/lazy-tmux/internal/app/app_picker.go:79.43,81.6 1 0
github.com/alchemmist/lazy-tmux/internal/app/app_picker.go:82.5,82.20 1 0
github.com/alchemmist/lazy-tmux/internal/app/app_picker.go:84.4,84.24 1 0
github.com/alchemmist/lazy-tmux/internal/app/app_picker.go:87.2,87.60 1 0
github.com/alchemmist/lazy-tmux/internal/app/app_picker.go:90.47,92.16 2 0
github.com/alchemmist/lazy-tmux/internal/app/app_picker.go:92.16,94.3 1 0
github.com/alchemmist/lazy-tmux/internal/app/app_picker.go:95.2,95.32 1 0
github.com/alchemmist/lazy-tmux/internal/app/app_picker.go:98.47,100.2 1 1
github.com/alchemmist/lazy-tmux/internal/app/app_picker.go:102.75,104.16 2 2
github.com/alchemmist/lazy-tmux/internal/app/app_picker.go:104.16,106.3 1 2
github.com/alchemmist/lazy-tmux/internal/app/app_picker.go:107.2,107.41 1 0
github.com/alchemmist/lazy-tmux/internal/app/daemon.go:12.55,13.19 1 0
github.com/alchemmist/lazy-tmux/internal/app/daemon.go:13.19,15.3 1 0
github.com/alchemmist/lazy-tmux/internal/app/daemon.go:16.2,17.16 2 0
github.com/alchemmist/lazy-tmux/internal/app/daemon.go:17.16,19.3 1 0
github.com/alchemmist/lazy-tmux/internal/app/daemon.go:20.2,26.21 5 0
github.com/alchemmist/lazy-tmux/internal/app/daemon.go:26.21,27.37 1 0
github.com/alchemmist/lazy-tmux/internal/app/daemon.go:27.37,29.4 1 0
github.com/alchemmist/lazy-tmux/internal/app/daemon.go:31.2,31.12 1 0
github.com/alchemmist/lazy-tmux/internal/app/daemon.go:34.53,36.22 2 3
github.com/alchemmist/lazy-tmux/internal/app/daemon.go:36.22,38.3 1 0
github.com/alchemmist/lazy-tmux/internal/app/daemon.go:39.2,39.55 1 3
github.com/alchemmist/lazy-tmux/internal/app/daemon.go:39.55,41.3 1 0
github.com/alchemmist/lazy-tmux/internal/app/daemon.go:42.2,46.16 5 3
github.com/alchemmist/lazy-tmux/internal/app/daemon.go:46.16,48.3 1 0
github.com/alchemmist/lazy-tmux/internal/app/daemon.go:49.2,49.84 1 3
github.com/alchemmist/lazy-tmux/internal/app/daemon.go:49.84,52.3 2 1
github.com/alchemmist/lazy-tmux/internal/app/daemon.go:53.2,53.16 1 2
github.com/alchemmist/lazy-tmux/internal/app/daemon.go:53.16,56.3 2 3
github.com/alchemmist/lazy-tmux/internal/app/picker_sort_alias.go:30.51,32.2 1 6
github.com/alchemmist/lazy-tmux/internal/app/picker_sort_alias.go:34.88,36.2 1 0
