mode: atomic
github.com/alchemmist/lazy-tmux/internal/picker/actions.go:13.51,15.42 2 1
github.com/alchemmist/lazy-tmux/internal/picker/actions.go:15.42,17.3 1 0
github.com/alchemmist/lazy-tmux/internal/picker/actions.go:18.2,18.35 1 1
github.com/alchemmist/lazy-tmux/internal/picker/actions.go:18.35,20.3 1 0
github.com/alchemmist/lazy-tmux/internal/picker/actions.go:21.2,21.80 1 1
github.com/alchemmist/lazy-tmux/internal/picker/actions.go:24.46,26.9 2 0
github.com/alchemmist/lazy-tmux/internal/picker/actions.go:26.9,29.3 2 0
github.com/alchemmist/lazy-tmux/internal/picker/actions.go:30.2,35.12 6 0
github.com/alchemmist/lazy-tmux/internal/picker/actions.go:38.45,40.42 2 0
github.com/alchemmist/lazy-tmux/internal/picker/actions.go:40.42,43.3 2 0
github.com/alchemmist/lazy-tmux/internal/picker/actions.go:44.2,51.12 8 0
github.com/alchemmist/lazy-tmux/internal/picker/actions.go:54.46,56.9 2 0
github.com/alchemmist/lazy-tmux/internal/picker/actions.go:56.9,59.3 2 0
github.com/alchemmist/lazy-tmux/internal/picker/actions.go:60.2,67.12 8 0
github.com/alchemmist/lazy-tmux/internal/picker/actions.go:70.36,77.2 6 0
github.com/alchemmist/lazy-tmux/internal/picker/actions.go:79.35,81.60 2 0
github.com/alchemmist/lazy-tmux/internal/picker/actions.go:81.60,84.3 2 0
github.com/alchemmist/lazy-tmux/internal/picker/actions.go:85.2,90.12 6 0
github.com/alchemmist/lazy-tmux/internal/picker/actions.go:93.80,94.22 1 4
github.com/alchemmist/lazy-tmux/internal/picker/actions.go:95.23,99.16 4 1
github.com/alchemmist/lazy-tmux/internal/picker/actions.go:100.15,101.17 1 3
github.com/alchemmist/lazy-tmux/internal/picker/actions.go:102.33,104.35 2 1
github.com/alchemmist/lazy-tmux/internal/picker/actions.go:104.35,105.66 1 1
github.com/alchemmist/lazy-tmux/internal/picker/actions.go:105.66,107.6 1 0
github.com/alchemmist/lazy-tmux/internal/picker/actions.go:107.11,109.6 1 1
github.com/alchemmist/lazy-tmux/internal/picker/actions.go:110.5,111.23 2 1
github.com/alchemmist/lazy-tmux/internal/picker/actions.go:113.25,115.50 2 1
github.com/alchemmist/lazy-tmux/internal/picker/actions.go:115.50,116.95 1 1
github.com/alchemmist/lazy-tmux/internal/picker/actions.go:116.95,118.6 1 0
github.com/alchemmist/lazy-tmux/internal/picker/actions.go:118.11,120.6 1 1
github.com/alchemmist/lazy-tmux/internal/picker/actions.go:121.5,122.23 2 1
github.com/alchemmist/lazy-tmux/internal/picker/actions.go:124.26,126.18 2 0
github.com/alchemmist/lazy-tmux/internal/picker/actions.go:126.18,127.72 1 0
github.com/alchemmist/lazy-tmux/internal/picker/actions.go:127.72,129.6 1 0
github.com/alchemmist/lazy-tmux/internal/picker/actions.go:129.11,131.6 1 0
github.com/alchemmist/lazy-tmux/internal/picker/actions.go:132.5,133.23 2 0
github.com/alchemmist/lazy-tmux/internal/picker/actions.go:135.23,137.18 2 1
github.com/alchemmist/lazy-tmux/internal/picker/actions.go:137.18,138.49 1 1
github.com/alchemmist/lazy-tmux/internal/picker/actions.go:138.49,140.6 1 0
github.com/alchemmist/lazy-tmux/internal/picker/actions.go:140.11,142.6 1 1
github.com/alchemmist/lazy-tmux/internal/picker/actions.go:143.5,144.23 2 1
github.com/alchemmist/lazy-tmux/internal/picker/actions.go:146.22,148.70 2 0
github.com/alchemmist/lazy-tmux/internal/picker/actions.go:148.70,150.5 1 0
github.com/alchemmist/lazy-tmux/internal/picker/actions.go:150.10,152.5 1 0
github.com/alchemmist/lazy-tmux/internal/picker/actions.go:153.4,154.22 2 0
github.com/alchemmist/lazy-tmux/internal/picker/actions.go:156.3,159.16 4 3
github.com/alchemmist/lazy-tmux/internal/picker/actions.go:161.2,163.15 3 0
github.com/alchemmist/lazy-tmux/internal/picker/actions.go:166.59,167.36 1 4
github.com/alchemmist/lazy-tmux/internal/picker/actions.go:167.36,169.3 1 1
github.com/alchemmist/lazy-tmux/internal/picker/actions.go:170.2,170.38 1 3
github.com/alchemmist/lazy-tmux/internal/picker/actions.go:170.38,172.3 1 1
github.com/alchemmist/lazy-tmux/internal/picker/actions.go:173.2,173.41 1 2
github.com/alchemmist/lazy-tmux/internal/picker/actions.go:176.88,177.35 1 1
github.com/alchemmist/lazy-tmux/internal/picker/actions.go:177.35,179.3 1 0
github.com/alchemmist/lazy-tmux/internal/picker/actions.go:180.2,180.59 1 1
github.com/alchemmist/lazy-tmux/internal/picker/actions.go:183.72,184.36 1 0
github.com/alchemmist/lazy-tmux/internal/picker/actions.go:184.36,186.3 1 0
github.com/alchemmist/lazy-tmux/internal/picker/actions.go:187.2,187.47 1 0
github.com/alchemmist/lazy-tmux/internal/picker/actions.go:190.56,191.33 1 1
github.com/alchemmist/lazy-tmux/internal/picker/actions.go:191.33,193.3 1 0
github.com/alchemmist/lazy-tmux/internal/picker/actions.go:194.2,194.35 1 1
github.com/alchemmist/lazy-tmux/internal/picker/actions.go:197.71,198.32 1 3
github.com/alchemmist/lazy-tmux/internal/picker/actions.go:198.32,200.3 1 1
github.com/alchemmist/lazy-tmux/internal/picker/actions.go:201.2,201.38 1 2
github.com/alchemmist/lazy-tmux/internal/picker/actions.go:201.38,203.3 1 1
github.com/alchemmist/lazy-tmux/internal/picker/actions.go:204.2,204.43 1 1
github.com/alchemmist/lazy-tmux/internal/picker/actions.go:207.32,208.29 1 3
github.com/alchemmist/lazy-tmux/internal/picker/actions.go:208.29,210.3 1 0
github.com/alchemmist/lazy-tmux/internal/picker/actions.go:211.2,212.16 2 3
github.com/alchemmist/lazy-tmux/internal/picker/actions.go:212.16,215.3 2 0
github.com/alchemmist/lazy-tmux/internal/picker/actions.go:216.2,218.25 3 3
github.com/alchemmist/lazy-tmux/internal/picker/actions.go:221.54,222.71 1 2
github.com/alchemmist/lazy-tmux/internal/picker/actions.go:222.71,224.3 1 1
github.com/alchemmist/lazy-tmux/internal/picker/actions.go:225.2,225.34 1 1
github.com/alchemmist/lazy-tmux/internal/picker/actions.go:228.45,231.2 2 0
github.com/alchemmist/lazy-tmux/internal/picker/actions.go:233.37,236.2 2 3
github.com/alchemmist/lazy-tmux/internal/picker/actions.go:238.42,239.23 1 11
github.com/alchemmist/lazy-tmux/internal/picker/actions.go:239.23,241.3 1 11
github.com/alchemmist/lazy-tmux/internal/picker/actions.go:242.2,242.10 1 0
github.com/alchemmist/lazy-tmux/internal/picker/actions.go:245.59,246.20 1 5
github.com/alchemmist/lazy-tmux/internal/picker/actions.go:246.20,248.3 1 1
github.com/alchemmist/lazy-tmux/internal/picker/actions.go:249.2,249.14 1 4
github.com/alchemmist/lazy-tmux/internal/picker/actions.go:249.14,251.3 1 0
github.com/alchemmist/lazy-tmux/internal/picker/actions.go:252.2,252.23 1 4
github.com/alchemmist/lazy-tmux/internal/picker/actions.go:252.23,254.3 1 0
github.com/alchemmist/lazy-tmux/internal/picker/actions.go:255.2,255.29 1 4
github.com/alchemmist/lazy-tmux/internal/picker/actions.go:255.29,256.25 1 5
github.com/alchemmist/lazy-tmux/internal/picker/actions.go:256.25,258.4 1 1
github.com/alchemmist/lazy-tmux/internal/picker/actions.go:260.2,260.40 1 3
github.com/alchemmist/lazy-tmux/internal/picker/actions.go:260.40,261.25 1 3
github.com/alchemmist/lazy-tmux/internal/picker/actions.go:261.25,263.4 1 3
github.com/alchemmist/lazy-tmux/internal/picker/actions.go:265.2,265.10 1 0
github.com/alchemmist/lazy-tmux/internal/picker/actions.go:268.44,269.25 1 2
github.com/alchemmist/lazy-tmux/internal/picker/actions.go:269.25,271.3 1 0
github.com/alchemmist/lazy-tmux/internal/picker/actions.go:272.2,272.49 1 2
github.com/alchemmist/lazy-tmux/internal/picker/actions.go:272.49,273.30 1 3
github.com/alchemmist/lazy-tmux/internal/picker/actions.go:273.30,276.4 2 2
github.com/alchemmist/lazy-tmux/internal/picker/actions.go:280.44,281.25 1 1
github.com/alchemmist/lazy-tmux/internal/picker/actions.go:281.25,283.3 1 0
github.com/alchemmist/lazy-tmux/internal/picker/actions.go:284.2,284.37 1 1
github.com/alchemmist/lazy-tmux/internal/picker/actions.go:284.37,285.30 1 2
github.com/alchemmist/lazy-tmux/internal/picker/actions.go:285.30,288.4 2 1
github.com/alchemmist/lazy-tmux/internal/picker/fzf.go:15.66,16.23 1 3
github.com/alchemmist/lazy-tmux/internal/picker/fzf.go:16.23,18.3 1 0
github.com/alchemmist/lazy-tmux/internal/picker/fzf.go:19.2,20.28 2 3
github.com/alchemmist/lazy-tmux/internal/picker/fzf.go:20.28,23.3 2 4
github.com/alchemmist/lazy-tmux/internal/picker/fzf.go:25.2,28.16 4 3
github.com/alchemmist/lazy-tmux/internal/picker/fzf.go:28.16,30.3 1 1
github.com/alchemmist/lazy-tmux/internal/picker/fzf.go:32.2,33.20 2 2
github.com/alchemmist/lazy-tmux/internal/picker/fzf.go:33.20,35.3 1 1
github.com/alchemmist/lazy-tmux/internal/picker/fzf.go:36.2,37.39 2 1
github.com/alchemmist/lazy-tmux/internal/picker/fzf.go:37.39,39.3 1 0
github.com/alchemmist/lazy-tmux/internal/picker/fzf.go:40.2,40.22 1 1
github.com/alchemmist/lazy-tmux/internal/picker/model.go:58.98,78.2 8 0
github.com/alchemmist/lazy-tmux/internal/picker/model.go:80.37,82.2 1 0
github.com/alchemmist/lazy-tmux/internal/picker/model.go:84.63,85.27 1 2
github.com/alchemmist/lazy-tmux/internal/picker/model.go:86.25,91.16 5 0
github.com/alchemmist/lazy-tmux/internal/picker/model.go:92.23,93.27 1 2
github.com/alchemmist/lazy-tmux/internal/picker/model.go:93.27,95.4 1 0
github.com/alchemmist/lazy-tmux/internal/picker/model.go:96.3,96.23 1 2
github.com/alchemmist/lazy-tmux/internal/picker/model.go:97.34,99.22 2 1
github.com/alchemmist/lazy-tmux/internal/picker/model.go:100.17,101.50 1 0
github.com/alchemmist/lazy-tmux/internal/picker/model.go:101.50,103.5 1 0
github.com/alchemmist/lazy-tmux/internal/picker/model.go:103.10,105.5 1 0
github.com/alchemmist/lazy-tmux/internal/picker/model.go:106.4,108.17 3 0
github.com/alchemmist/lazy-tmux/internal/picker/model.go:109.16,111.17 2 0
github.com/alchemmist/lazy-tmux/internal/picker/model.go:112.17,114.17 2 0
github.com/alchemmist/lazy-tmux/internal/picker/model.go:115.16,117.17 2 0
github.com/alchemmist/lazy-tmux/internal/picker/model.go:118.16,120.17 2 0
github.com/alchemmist/lazy-tmux/internal/picker/model.go:121.17,123.17 2 0
github.com/alchemmist/lazy-tmux/internal/picker/model.go:124.17,128.17 4 0
github.com/alchemmist/lazy-tmux/internal/picker/model.go:129.17,133.17 4 1
github.com/alchemmist/lazy-tmux/internal/picker/model.go:134.16,135.27 1 0
github.com/alchemmist/lazy-tmux/internal/picker/model.go:135.27,137.5 1 0
github.com/alchemmist/lazy-tmux/internal/picker/model.go:138.4,138.84 1 0
github.com/alchemmist/lazy-tmux/internal/picker/model.go:138.84,141.5 2 0
github.com/alchemmist/lazy-tmux/internal/picker/model.go:145.2,148.39 4 0
github.com/alchemmist/lazy-tmux/internal/picker/model.go:148.39,152.3 3 0
github.com/alchemmist/lazy-tmux/internal/picker/model.go:153.2,153.15 1 0
github.com/alchemmist/lazy-tmux/internal/picker/model.go:156.38,158.26 2 1
github.com/alchemmist/lazy-tmux/internal/picker/model.go:158.26,160.3 1 1
github.com/alchemmist/lazy-tmux/internal/picker/model.go:160.8,162.3 1 0
github.com/alchemmist/lazy-tmux/internal/picker/model.go:163.2,168.23 6 1
github.com/alchemmist/lazy-tmux/internal/picker/model.go:168.23,171.3 2 0
github.com/alchemmist/lazy-tmux/internal/picker/model.go:172.2,172.25 1 1
github.com/alchemmist/lazy-tmux/internal/picker/model.go:172.25,177.3 4 1
github.com/alchemmist/lazy-tmux/internal/picker/model.go:178.2,181.13 4 0
github.com/alchemmist/lazy-tmux/internal/picker/model.go:184.32,185.35 1 11
github.com/alchemmist/lazy-tmux/internal/picker/model.go:185.35,187.3 1 0
github.com/alchemmist/lazy-tmux/internal/picker/model.go:188.2,190.26 3 11
github.com/alchemmist/lazy-tmux/internal/picker/model.go:190.26,192.3 1 7
github.com/alchemmist/lazy-tmux/internal/picker/model.go:193.2,194.49 2 11
github.com/alchemmist/lazy-tmux/internal/picker/model.go:197.37,200.25 3 4
github.com/alchemmist/lazy-tmux/internal/picker/model.go:200.25,204.3 3 2
github.com/alchemmist/lazy-tmux/internal/picker/model.go:205.2,205.83 1 2
github.com/alchemmist/lazy-tmux/internal/picker/model.go:205.83,207.3 1 2
github.com/alchemmist/lazy-tmux/internal/picker/model.go:210.40,211.25 1 4
github.com/alchemmist/lazy-tmux/internal/picker/model.go:211.25,214.3 2 2
github.com/alchemmist/lazy-tmux/internal/picker/model.go:215.2,217.32 3 2
github.com/alchemmist/lazy-tmux/internal/picker/model.go:217.32,219.38 2 4
github.com/alchemmist/lazy-tmux/internal/picker/model.go:219.38,221.4 1 2
github.com/alchemmist/lazy-tmux/internal/picker/model.go:222.3,223.38 2 4
github.com/alchemmist/lazy-tmux/internal/picker/model.go:223.38,225.4 1 2
github.com/alchemmist/lazy-tmux/internal/picker/model.go:226.3,226.30 1 4
github.com/alchemmist/lazy-tmux/internal/picker/model.go:228.2,228.50 1 2
github.com/alchemmist/lazy-tmux/internal/picker/model.go:231.47,233.16 2 3
github.com/alchemmist/lazy-tmux/internal/picker/model.go:233.16,235.3 1 1
github.com/alchemmist/lazy-tmux/internal/picker/model.go:236.2,236.16 1 3
github.com/alchemmist/lazy-tmux/internal/picker/model.go:236.16,238.3 1 1
github.com/alchemmist/lazy-tmux/internal/picker/model.go:239.2,239.24 1 3
github.com/alchemmist/lazy-tmux/internal/picker/model.go:242.45,243.53 1 4
github.com/alchemmist/lazy-tmux/internal/picker/model.go:243.53,245.3 1 2
github.com/alchemmist/lazy-tmux/internal/picker/model.go:246.2,250.33 4 2
github.com/alchemmist/lazy-tmux/internal/picker/model.go:250.33,252.17 2 2
github.com/alchemmist/lazy-tmux/internal/picker/model.go:252.17,254.4 1 2
github.com/alchemmist/lazy-tmux/internal/picker/model.go:255.3,256.9 2 2
github.com/alchemmist/lazy-tmux/internal/picker/model.go:258.2,258.36 1 0
github.com/alchemmist/lazy-tmux/internal/picker/model.go:258.36,260.17 2 0
github.com/alchemmist/lazy-tmux/internal/picker/model.go:260.17,262.4 1 0
github.com/alchemmist/lazy-tmux/internal/picker/model.go:263.3,263.25 1 0
github.com/alchemmist/lazy-tmux/internal/picker/model.go:263.25,265.4 1 0
github.com/alchemmist/lazy-tmux/internal/picker/model.go:266.3,266.32 1 0
github.com/alchemmist/lazy-tmux/internal/picker/model.go:270.100,271.19 1 0
github.com/alchemmist/lazy-tmux/internal/picker/model.go:271.19,273.3 1 0
github.com/alchemmist/lazy-tmux/internal/picker/model.go:274.2,277.16 4 0
github.com/alchemmist/lazy-tmux/internal/picker/model.go:277.16,279.3 1 0
github.com/alchemmist/lazy-tmux/internal/picker/model.go:281.2,282.9 2 0
github.com/alchemmist/lazy-tmux/internal/picker/model.go:282.9,284.3 1 0
github.com/alchemmist/lazy-tmux/internal/picker/model.go:285.2,285.22 1 0
github.com/alchemmist/lazy-tmux/internal/picker/model.go:285.22,287.3 1 0
github.com/alchemmist/lazy-tmux/internal/picker/model.go:288.2,288.58 1 0
github.com/alchemmist/lazy-tmux/internal/picker/model.go:288.58,290.3 1 0
github.com/alchemmist/lazy-tmux/internal/picker/model.go:291.2,291.29 1 0
github.com/alchemmist/lazy-tmux/internal/picker/picker_enabled_tui.go:5.25,7.2 1 0
github.com/alchemmist/lazy-tmux/internal/picker/rows.go:12.97,14.29 2 7
github.com/alchemmist/lazy-tmux/internal/picker/rows.go:14.29,21.29 6 5
github.com/alchemmist/lazy-tmux/internal/picker/rows.go:21.29,23.64 2 7
github.com/alchemmist/lazy-tmux/internal/picker/rows.go:23.64,25.5 1 6
github.com/alchemmist/lazy-tmux/internal/picker/rows.go:28.3,28.48 1 5
github.com/alchemmist/lazy-tmux/internal/picker/rows.go:28.48,29.12 1 0
github.com/alchemmist/lazy-tmux/internal/picker/rows.go:32.3,41.36 2 5
github.com/alchemmist/lazy-tmux/internal/picker/rows.go:41.36,43.34 2 6
github.com/alchemmist/lazy-tmux/internal/picker/rows.go:43.34,45.5 1 5
github.com/alchemmist/lazy-tmux/internal/picker/rows.go:46.4,56.6 2 6
github.com/alchemmist/lazy-tmux/internal/picker/rows.go:59.2,59.13 1 7
github.com/alchemmist/lazy-tmux/internal/picker/rows.go:62.45,63.14 1 5
github.com/alchemmist/lazy-tmux/internal/picker/rows.go:63.14,65.3 1 0
github.com/alchemmist/lazy-tmux/internal/picker/rows.go:66.2,66.14 1 5
github.com/alchemmist/lazy-tmux/internal/picker/rows.go:69.44,70.17 1 4
github.com/alchemmist/lazy-tmux/internal/picker/rows.go:70.17,72.3 1 0
github.com/alchemmist/lazy-tmux/internal/picker/rows.go:73.2,75.27 3 4
github.com/alchemmist/lazy-tmux/internal/picker/rows.go:75.27,76.20 1 28
github.com/alchemmist/lazy-tmux/internal/picker/rows.go:76.20,77.9 1 2
github.com/alchemmist/lazy-tmux/internal/picker/rows.go:79.3,79.18 1 26
github.com/alchemmist/lazy-tmux/internal/picker/rows.go:79.18,81.4 1 6
github.com/alchemmist/lazy-tmux/internal/picker/rows.go:83.2,83.22 1 4
github.com/alchemmist/lazy-tmux/internal/picker/sort.go:46.39,58.2 1 12
github.com/alchemmist/lazy-tmux/internal/picker/sort.go:60.76,63.42 2 6
github.com/alchemmist/lazy-tmux/internal/picker/sort.go:63.42,65.17 2 5
github.com/alchemmist/lazy-tmux/internal/picker/sort.go:65.17,67.4 1 4
github.com/alchemmist/lazy-tmux/internal/picker/sort.go:68.3,68.22 1 1
github.com/alchemmist/lazy-tmux/internal/picker/sort.go:70.2,70.41 1 2
github.com/alchemmist/lazy-tmux/internal/picker/sort.go:70.41,72.17 2 2
github.com/alchemmist/lazy-tmux/internal/picker/sort.go:72.17,74.4 1 1
github.com/alchemmist/lazy-tmux/internal/picker/sort.go:75.3,75.21 1 1
github.com/alchemmist/lazy-tmux/internal/picker/sort.go:77.2,77.18 1 1
github.com/alchemmist/lazy-tmux/internal/picker/sort.go:80.66,83.16 3 5
github.com/alchemmist/lazy-tmux/internal/picker/sort.go:83.16,85.3 1 1
github.com/alchemmist/lazy-tmux/internal/picker/sort.go:86.2,87.29 2 4
github.com/alchemmist/lazy-tmux/internal/picker/sort.go:87.29,89.17 2 6
github.com/alchemmist/lazy-tmux/internal/picker/sort.go:89.17,91.4 1 2
github.com/alchemmist/lazy-tmux/internal/picker/sort.go:92.3,92.31 1 4
github.com/alchemmist/lazy-tmux/internal/picker/sort.go:92.31,94.4 1 1
github.com/alchemmist/lazy-tmux/internal/picker/sort.go:95.3,96.64 2 3
github.com/alchemmist/lazy-tmux/internal/picker/sort.go:98.2,98.20 1 1
github.com/alchemmist/lazy-tmux/internal/picker/sort.go:98.20,100.3 1 0
github.com/alchemmist/lazy-tmux/internal/picker/sort.go:101.2,101.18 1 1
github.com/alchemmist/lazy-tmux/internal/picker/sort.go:104.64,107.16 3 3
github.com/alchemmist/lazy-tmux/internal/picker/sort.go:107.16,109.3 1 1
github.com/alchemmist/lazy-tmux/internal/picker/sort.go:110.2,111.29 2 2
github.com/alchemmist/lazy-tmux/internal/picker/sort.go:111.29,113.17 2 4
github.com/alchemmist/lazy-tmux/internal/picker/sort.go:113.17,115.4 1 0
github.com/alchemmist/lazy-tmux/internal/picker/sort.go:116.3,116.31 1 4
github.com/alchemmist/lazy-tmux/internal/picker/sort.go:116.31,118.4 1 1
github.com/alchemmist/lazy-tmux/internal/picker/sort.go:119.3,120.63 2 3
github.com/alchemmist/lazy-tmux/internal/picker/sort.go:122.2,122.20 1 1
github.com/alchemmist/lazy-tmux/internal/picker/sort.go:122.20,124.3 1 0
github.com/alchemmist/lazy-tmux/internal/picker/sort.go:125.2,125.18 1 1
github.com/alchemmist/lazy-tmux/internal/picker/sort.go:128.51,131.28 3 8
github.com/alchemmist/lazy-tmux/internal/picker/sort.go:131.28,133.14 2 14
github.com/alchemmist/lazy-tmux/internal/picker/sort.go:133.14,135.4 1 2
github.com/alchemmist/lazy-tmux/internal/picker/sort.go:136.3,136.23 1 12
github.com/alchemmist/lazy-tmux/internal/picker/sort.go:138.2,138.17 1 6
github.com/alchemmist/lazy-tmux/internal/picker/sort.go:141.72,144.9 3 8
github.com/alchemmist/lazy-tmux/internal/picker/sort.go:144.9,146.3 1 1
github.com/alchemmist/lazy-tmux/internal/picker/sort.go:147.2,148.13 2 7
github.com/alchemmist/lazy-tmux/internal/picker/sort.go:148.13,150.17 2 4
github.com/alchemmist/lazy-tmux/internal/picker/sort.go:150.17,152.4 1 1
github.com/alchemmist/lazy-tmux/internal/picker/sort.go:153.3,153.11 1 3
github.com/alchemmist/lazy-tmux/internal/picker/sort.go:155.2,155.25 1 6
github.com/alchemmist/lazy-tmux/internal/picker/sort.go:158.70,161.9 3 6
github.com/alchemmist/lazy-tmux/internal/picker/sort.go:161.9,163.3 1 0
github.com/alchemmist/lazy-tmux/internal/picker/sort.go:164.2,165.13 2 6
github.com/alchemmist/lazy-tmux/internal/picker/sort.go:165.13,167.17 2 3
github.com/alchemmist/lazy-tmux/internal/picker/sort.go:167.17,169.4 1 0
github.com/alchemmist/lazy-tmux/internal/picker/sort.go:170.3,170.11 1 3
github.com/alchemmist/lazy-tmux/internal/picker/sort.go:172.2,172.25 1 6
github.com/alchemmist/lazy-tmux/internal/picker/sort.go:175.72,177.9 2 14
github.com/alchemmist/lazy-tmux/internal/picker/sort.go:177.9,179.3 1 6
github.com/alchemmist/lazy-tmux/internal/picker/sort.go:180.2,180.64 1 8
github.com/alchemmist/lazy-tmux/internal/picker/sort.go:183.46,184.48 1 7
github.com/alchemmist/lazy-tmux/internal/picker/sort.go:185.13,186.20 1 2
github.com/alchemmist/lazy-tmux/internal/picker/sort.go:187.14,188.19 1 4
github.com/alchemmist/lazy-tmux/internal/picker/sort.go:189.10,190.75 1 1
github.com/alchemmist/lazy-tmux/internal/picker/sort.go:194.60,195.48 1 8
github.com/alchemmist/lazy-tmux/internal/picker/sort.go:196.53,197.35 1 2
github.com/alchemmist/lazy-tmux/internal/picker/sort.go:198.48,199.35 1 0
github.com/alchemmist/lazy-tmux/internal/picker/sort.go:200.14,201.31 1 5
github.com/alchemmist/lazy-tmux/internal/picker/sort.go:202.17,203.34 1 0
github.com/alchemmist/lazy-tmux/internal/picker/sort.go:204.15,205.32 1 0
github.com/alchemmist/lazy-tmux/internal/picker/sort.go:206.10,207.19 1 1
github.com/alchemmist/lazy-tmux/internal/picker/sort.go:211.58,212.48 1 6
github.com/alchemmist/lazy-tmux/internal/picker/sort.go:213.15,214.31 1 2
github.com/alchemmist/lazy-tmux/internal/picker/sort.go:215.14,216.30 1 3
github.com/alchemmist/lazy-tmux/internal/picker/sort.go:217.15,218.31 1 1
github.com/alchemmist/lazy-tmux/internal/picker/sort.go:219.24,220.29 1 0
github.com/alchemmist/lazy-tmux/internal/picker/sort.go:221.10,222.19 1 0
github.com/alchemmist/lazy-tmux/internal/picker/sort.go:226.59,227.15 1 7
github.com/alchemmist/lazy-tmux/internal/picker/sort.go:228.48,229.14 1 2
github.com/alchemmist/lazy-tmux/internal/picker/sort.go:230.10,231.15 1 5
github.com/alchemmist/lazy-tmux/internal/picker/sort.go:235.57,236.15 1 6
github.com/alchemmist/lazy-tmux/internal/picker/sort.go:237.23,238.14 1 1
github.com/alchemmist/lazy-tmux/internal/picker/sort.go:239.10,240.15 1 5
github.com/alchemmist/lazy-tmux/internal/picker/sort.go:244.75,245.42 1 0
github.com/alchemmist/lazy-tmux/internal/picker/sort.go:245.42,246.28 1 0
github.com/alchemmist/lazy-tmux/internal/picker/sort.go:246.28,247.79 1 0
github.com/alchemmist/lazy-tmux/internal/picker/sort.go:247.79,248.17 1 0
github.com/alchemmist/lazy-tmux/internal/picker/sort.go:248.17,250.6 1 0
github.com/alchemmist/lazy-tmux/internal/picker/sort.go:251.5,251.19 1 0
github.com/alchemmist/lazy-tmux/internal/picker/sort.go:254.3,254.57 1 0
github.com/alchemmist/lazy-tmux/internal/picker/sort.go:258.75,260.2 1 0
github.com/alchemmist/lazy-tmux/internal/picker/sort.go:262.76,263.15 1 0
github.com/alchemmist/lazy-tmux/internal/picker/sort.go:264.27,265.53 1 0
github.com/alchemmist/lazy-tmux/internal/picker/sort.go:266.27,267.49 1 0
github.com/alchemmist/lazy-tmux/internal/picker/sort.go:268.23,269.55 1 0
github.com/alchemmist/lazy-tmux/internal/picker/sort.go:270.26,271.42 1 0
github.com/alchemmist/lazy-tmux/internal/picker/sort.go:272.24,273.38 1 0
github.com/alchemmist/lazy-tmux/internal/picker/sort.go:274.10,275.11 1 0
github.com/alchemmist/lazy-tmux/internal/picker/sort.go:279.38,280.16 1 0
github.com/alchemmist/lazy-tmux/internal/picker/sort.go:280.16,282.3 1 0
github.com/alchemmist/lazy-tmux/internal/picker/sort.go:283.2,283.17 1 0
github.com/alchemmist/lazy-tmux/internal/picker/sort.go:283.17,285.3 1 0
github.com/alchemmist/lazy-tmux/internal/picker/sort.go:286.2,286.10 1 0
github.com/alchemmist/lazy-tmux/internal/picker/sort.go:289.31,290.9 1 2
github.com/alchemmist/lazy-tmux/internal/picker/sort.go:291.13,292.12 1 1
github.com/alchemmist/lazy-tmux/internal/picker/sort.go:293.13,294.11 1 1
github.com/alchemmist/lazy-tmux/internal/picker/sort.go:295.10,296.11 1 0
github.com/alchemmist/lazy-tmux/internal/picker/sort.go:300.67,301.42 1 5
github.com/alchemmist/lazy-tmux/internal/picker/sort.go:301.42,302.28 1 2
github.com/alchemmist/lazy-tmux/internal/picker/sort.go:302.28,303.78 1 2
github.com/alchemmist/lazy-tmux/internal/picker/sort.go:303.78,304.17 1 2
github.com/alchemmist/lazy-tmux/internal/picker/sort.go:304.17,306.6 1 0
github.com/alchemmist/lazy-tmux/internal/picker/sort.go:307.5,307.19 1 2
github.com/alchemmist/lazy-tmux/internal/picker/sort.go:310.3,310.45 1 0
github.com/alchemmist/lazy-tmux/internal/picker/sort.go:314.67,316.2 1 0
github.com/alchemmist/lazy-tmux/internal/picker/sort.go:318.74,319.15 1 2
github.com/alchemmist/lazy-tmux/internal/picker/sort.go:320.23,321.38 1 2
github.com/alchemmist/lazy-tmux/internal/picker/sort.go:322.22,323.41 1 0
github.com/alchemmist/lazy-tmux/internal/picker/sort.go:324.23,325.48 1 0
github.com/alchemmist/lazy-tmux/internal/picker/sort.go:326.21,327.75 1 0
github.com/alchemmist/lazy-tmux/internal/picker/sort.go:328.10,329.11 1 0
github.com/alchemmist/lazy-tmux/internal/picker/table.go:38.35,40.4 1 4
github.com/alchemmist/lazy-tmux/internal/picker/table.go:47.35,49.4 1 4
github.com/alchemmist/lazy-tmux/internal/picker/table.go:57.35,59.4 1 4
github.com/alchemmist/lazy-tmux/internal/picker/table.go:66.35,68.4 1 4
github.com/alchemmist/lazy-tmux/internal/picker/table.go:75.35,77.4 1 4
github.com/alchemmist/lazy-tmux/internal/picker/table.go:81.63,84.41 3 6
github.com/alchemmist/lazy-tmux/internal/picker/table.go:84.41,85.20 1 30
github.com/alchemmist/lazy-tmux/internal/picker/table.go:85.20,87.4 1 6
github.com/alchemmist/lazy-tmux/internal/picker/table.go:87.9,89.4 1 24
github.com/alchemmist/lazy-tmux/internal/picker/table.go:91.2,91.43 1 6
github.com/alchemmist/lazy-tmux/internal/picker/table.go:91.43,92.51 1 18
github.com/alchemmist/lazy-tmux/internal/picker/table.go:92.51,94.4 1 0
github.com/alchemmist/lazy-tmux/internal/picker/table.go:95.3,95.53 1 18
github.com/alchemmist/lazy-tmux/internal/picker/table.go:98.2,100.32 3 6
github.com/alchemmist/lazy-tmux/internal/picker/table.go:100.32,102.3 1 6
github.com/alchemmist/lazy-tmux/internal/picker/table.go:103.2,103.26 1 6
github.com/alchemmist/lazy-tmux/internal/picker/table.go:103.26,105.45 2 19
github.com/alchemmist/lazy-tmux/internal/picker/table.go:105.45,108.4 2 17
github.com/alchemmist/lazy-tmux/internal/picker/table.go:108.9,109.9 1 2
github.com/alchemmist/lazy-tmux/internal/picker/table.go:113.2,114.41 2 6
github.com/alchemmist/lazy-tmux/internal/picker/table.go:114.41,115.39 1 30
github.com/alchemmist/lazy-tmux/internal/picker/table.go:115.39,116.12 1 7
github.com/alchemmist/lazy-tmux/internal/picker/table.go:118.3,118.82 1 23
github.com/alchemmist/lazy-tmux/internal/picker/table.go:120.2,121.15 2 6
github.com/alchemmist/lazy-tmux/internal/picker/table.go:121.15,124.3 2 1
github.com/alchemmist/lazy-tmux/internal/picker/table.go:125.2,125.15 1 5
github.com/alchemmist/lazy-tmux/internal/picker/table.go:125.15,126.26 1 5
github.com/alchemmist/lazy-tmux/internal/picker/table.go:126.26,128.4 1 22
github.com/alchemmist/lazy-tmux/internal/picker/table.go:129.3,129.43 1 5
github.com/alchemmist/lazy-tmux/internal/picker/table.go:129.43,131.4 1 8
github.com/alchemmist/lazy-tmux/internal/picker/table.go:134.2,134.44 1 5
github.com/alchemmist/lazy-tmux/internal/picker/table.go:137.71,138.23 1 1
github.com/alchemmist/lazy-tmux/internal/picker/table.go:138.23,140.3 1 0
github.com/alchemmist/lazy-tmux/internal/picker/table.go:141.2,141.39 1 1
github.com/alchemmist/lazy-tmux/internal/picker/table.go:141.39,143.14 2 2
github.com/alchemmist/lazy-tmux/internal/picker/table.go:143.14,145.4 1 0
github.com/alchemmist/lazy-tmux/internal/picker/table.go:146.3,146.23 1 2
github.com/alchemmist/lazy-tmux/internal/picker/table.go:150.51,152.30 2 3
github.com/alchemmist/lazy-tmux/internal/picker/table.go:152.30,154.3 1 3
github.com/alchemmist/lazy-tmux/internal/picker/table.go:155.2,155.14 1 3
github.com/alchemmist/lazy-tmux/internal/picker/table.go:158.63,161.30 3 2
github.com/alchemmist/lazy-tmux/internal/picker/table.go:161.30,162.21 1 2
github.com/alchemmist/lazy-tmux/internal/picker/table.go:162.21,163.12 1 0
github.com/alchemmist/lazy-tmux/internal/picker/table.go:165.3,165.28 1 2
github.com/alchemmist/lazy-tmux/internal/picker/table.go:165.28,168.4 2 2
github.com/alchemmist/lazy-tmux/internal/picker/table.go:170.2,170.13 1 2
github.com/alchemmist/lazy-tmux/internal/picker/table.go:173.50,175.29 2 25
github.com/alchemmist/lazy-tmux/internal/picker/table.go:175.29,177.3 1 86
github.com/alchemmist/lazy-tmux/internal/picker/table.go:178.2,178.14 1 25
github.com/alchemmist/lazy-tmux/internal/picker/table.go:181.44,182.53 1 2
github.com/alchemmist/lazy-tmux/internal/picker/table.go:182.53,182.74 1 6
github.com/alchemmist/lazy-tmux/internal/picker/table.go:185.54,186.53 1 4
github.com/alchemmist/lazy-tmux/internal/picker/table.go:186.53,186.79 1 20
github.com/alchemmist/lazy-tmux/internal/picker/table.go:189.87,191.32 2 6
github.com/alchemmist/lazy-tmux/internal/picker/table.go:191.32,193.32 2 26
github.com/alchemmist/lazy-tmux/internal/picker/table.go:193.32,195.4 1 5
github.com/alchemmist/lazy-tmux/internal/picker/table.go:196.3,197.28 2 26
github.com/alchemmist/lazy-tmux/internal/picker/table.go:197.28,199.12 2 6
github.com/alchemmist/lazy-tmux/internal/picker/table.go:201.3,203.14 3 20
github.com/alchemmist/lazy-tmux/internal/picker/table.go:203.14,205.4 1 20
github.com/alchemmist/lazy-tmux/internal/picker/table.go:207.2,207.21 1 6
github.com/alchemmist/lazy-tmux/internal/picker/utils.go:5.35,6.11 1 31
github.com/alchemmist/lazy-tmux/internal/picker/utils.go:6.11,8.3 1 1
github.com/alchemmist/lazy-tmux/internal/picker/utils.go:9.2,10.17 2 31
github.com/alchemmist/lazy-tmux/internal/picker/utils.go:10.17,12.3 1 26
github.com/alchemmist/lazy-tmux/internal/picker/utils.go:13.2,13.12 1 5
github.com/alchemmist/lazy-tmux/internal/picker/utils.go:13.12,15.3 1 3
github.com/alchemmist/lazy-tmux/internal/picker/utils.go:16.2,16.32 1 2
github.com/alchemmist/lazy-tmux/internal/picker/window_cmd.go:9.53,10.23 1 8
github.com/alchemmist/lazy-tmux/internal/picker/window_cmd.go:10.23,12.3 1 6
github.com/alchemmist/lazy-tmux/internal/picker/window_cmd.go:15.2,16.25 2 2
github.com/alchemmist/lazy-tmux/internal/picker/window_cmd.go:16.25,17.39 1 4
github.com/alchemmist/lazy-tmux/internal/picker/window_cmd.go:17.39,19.9 2 1
github.com/alchemmist/lazy-tmux/internal/picker/window_cmd.go:23.2,23.69 1 2
github.com/alchemmist/lazy-tmux/internal/picker/window_cmd.go:23.69,25.3 1 1
github.com/alchemmist/lazy-tmux/internal/picker/window_cmd.go:26.2,26.54 1 1
